#
# A fatal error has been detected by the Java Runtime Environment:
#
#  EXCEPTION_IN_PAGE_ERROR (0xc0000006) at pc=0x00007fffce559465, pid=15312, tid=5612
#
# JRE version: OpenJDK Runtime Environment Corretto-17.0.7.7.1 (17.0.7+7) (build 17.0.7+7-LTS)
# Java VM: OpenJDK 64-Bit Server VM Corretto-17.0.7.7.1 (17.0.7+7-LTS, mixed mode, sharing, tiered, compressed oops, compressed class ptrs, g1 gc, windows-amd64)
# Problematic frame:
# V  [jvm.dll+0x359465]
#
# No core dump will be written. Minidumps are not enabled by default on client versions of Windows
#
# If you would like to submit a bug report, please visit:
#   https://github.com/corretto/corretto-17/issues/
#

---------------  S U M M A R Y ------------

Command Line: -javaagent:D:\IntelliJ IDEA Community Edition 2022.3.2\lib\idea_rt.jar=56468:D:\IntelliJ IDEA Community Edition 2022.3.2\bin -Dfile.encoding=UTF-8 com.projet.backend.ProjetBackendApplication

Host: Intel(R) Core(TM) i7-6500U CPU @ 2.50GHz, 4 cores, 11G,  Windows 10 , 64 bit Build 19041 (10.0.19041.2913)
Time: Sun May 28 23:41:36 2023 Afr. centrale Ouest elapsed time: 1331.217137 seconds (0d 0h 22m 11s)

---------------  T H R E A D  ---------------

Current thread (0x000001703074bbd0):  GCTaskThread "GC Thread#3" [stack: 0x0000000101d00000,0x0000000101e00000] [id=5612]

Stack: [0x0000000101d00000,0x0000000101e00000],  sp=0x0000000101dff610,  free space=1021k
Native frames: (J=compiled Java code, j=interpreted, Vv=VM code, C=native code)
V  [jvm.dll+0x359465]
V  [jvm.dll+0x655e87]
V  [jvm.dll+0x2f8522]
V  [jvm.dll+0x82d2eb]
V  [jvm.dll+0x82d336]
V  [jvm.dll+0x7b237a]
V  [jvm.dll+0x64a3a5]
C  [ucrtbase.dll+0x21bb2]
C  [KERNEL32.DLL+0x17614]
C  [ntdll.dll+0x526a1]


siginfo: EXCEPTION_IN_PAGE_ERROR (0xc0000006), reading address 0x0000000800295360

Error accessing class data sharing archive. Mapped file inaccessible during execution, possible disk/network problem.
Register to memory mapping:

RIP=0x00007fffce559465 jvm.dll
RAX=0x0000000800295350 is pointing into metadata
RBX=0x0000000100cfe408 points into unknown readable memory: 0x0000000100000001 | 01 00 00 00 01 00 00 00
RCX=0x0000000800293300 is a pointer to class: 
java.time.Period {0x0000000800293308}
 - instance size:     3
 - klass size:        87
 - access:            public final synchronized 
 - state:             loaded
 - name:              'java/time/Period'
 - super:             'java/lang/Object'
 - sub:               
 - arrays:            NULL
 - methods:           Array<T>(0x00000008008bfb60)
 - method ordering:   Array<T>(0x00000008008c1618)
 - default_methods:   Array<T>(0x0000000000000000)
 - local interfaces:  Array<T>(0x00000008008c1600)
 - trans. interfaces: Array<T>(0x00000008008bdd00)
 - constants:         constant pool [446] {0x00000008008bebc0} for 'java/time/Period' cache=0x0000000800294850
 - class loader data:  loader data: 0x000001702b19e2f0 of 'bootstrap'
 - source file:       'Period.java'
 - class annotations:       Array<T>(0x00000008008bfb50)
 - class type annotations:  Array<T>(0x0000000000000000)
 - field annotations:       Array<T>(0x0000000000000000)
 - field type annotations:  Array<T>(0x0000000000000000)
 - inner classes:     Array<T>(0x00000008005cf8e0)
 - nest members:     Array<T>(0x00000008005cf8e0)
 - permitted subclasses:     Array<T>(0x00000008005cf8e0)
 - java mirror:       a 'java/lang/Class'{0x0000000742c25c30} = 'java/time/Period'
 - vtable length      5  (start addr: 0x00000008002934c8)
 - itable length      25 (start addr: 0x00000008002934f0)
 - ---- static fields (3 words):
 - public static final 'ZERO' 'Ljava/time/Period;' @112 
 - private static final 'serialVersionUID' 'J' @128 
 - private static final 'PATTERN' 'Ljava/util/regex/Pattern;' @116 
 - private static final 'SUPPORTED_UNITS' 'Ljava/util/List;' @120 
 - ---- non-static fields (3 words):
 - private final 'years' 'I' @12 
 - private final 'months' 'I' @16 
 - private final 'days' 'I' @20 
 - non-static oop maps: 
RDX=0x0000000800293978 is a pointer to class: 
java.time.chrono.ChronoPeriod {0x0000000800293980}
 - instance size:     2
 - klass size:        63
 - access:            public interface abstract 
 - state:             loaded
 - name:              'java/time/chrono/ChronoPeriod'
 - super:             'java/lang/Object'
 - sub:               
 - nof implementors:  1
 - implementor:    
   'java/time/Period'
 - arrays:            NULL
 - methods:           Array<T>(0x00000008008bea48)
 - method ordering:   Array<T>(0x00000008008bead0)
 - default_methods:   Array<T>(0x0000000000000000)
 - local interfaces:  Array<T>(0x00000008008bde28)
 - trans. interfaces: Array<T>(0x00000008008bde28)
 - constants:         constant pool [87] {0x00000008008be750} for 'java/time/chrono/ChronoPeriod' cache=0x0000000800294048
 - class loader data:  loader data: 0x000001702b19e2f0 of 'bootstrap'
 - source file:       'ChronoPeriod.java'
 - class annotations:       Array<T>(0x0000000000000000)
 - class type annotations:  Array<T>(0x0000000000000000)
 - field annotations:       Array<T>(0x0000000000000000)
 - field type annotations:  Array<T>(0x0000000000000000)
 - inner classes:     Array<T>(0x00000008005cf8e0)
 - nest members:     Array<T>(0x00000008005cf8e0)
 - permitted subclasses:     Array<T>(0x00000008005cf8e0)
 - java mirror:       a 'java/lang/Class'{0x0000000742c66d30} = 'java/time/chrono/ChronoPeriod'
 - vtable length      5  (start addr: 0x0000000800293b40)
 - itable length      0 (start addr: 0x0000000800293b68)
 - ---- static fields (0 words):
 - ---- non-static fields (0 words):
 - non-static oop maps: 
RSP=0x0000000101dff610 points into unknown readable memory: 0x00000000000003d8 | d8 03 00 00 00 00 00 00
RBP=0x0 is NULL
RSI=0x0000000800293300 is a pointer to class: 
java.time.Period {0x0000000800293308}
 - instance size:     3
 - klass size:        87
 - access:            public final synchronized 
 - state:             loaded
 - name:              'java/time/Period'
 - super:             'java/lang/Object'
 - sub:               
 - arrays:            NULL
 - methods:           Array<T>(0x00000008008bfb60)
 - method ordering:   Array<T>(0x00000008008c1618)
 - default_methods:   Array<T>(0x0000000000000000)
 - local interfaces:  Array<T>(0x00000008008c1600)
 - trans. interfaces: Array<T>(0x00000008008bdd00)
 - constants:         constant pool [446] {0x00000008008bebc0} for 'java/time/Period' cache=0x0000000800294850
 - class loader data:  loader data: 0x000001702b19e2f0 of 'bootstrap'
 - source file:       'Period.java'
 - class annotations:       Array<T>(0x00000008008bfb50)
 - class type annotations:  Array<T>(0x0000000000000000)
 - field annotations:       Array<T>(0x0000000000000000)
 - field type annotations:  Array<T>(0x0000000000000000)
 - inner classes:     Array<T>(0x00000008005cf8e0)
 - nest members:     Array<T>(0x00000008005cf8e0)
 - permitted subclasses:     Array<T>(0x00000008005cf8e0)
 - java mirror:       a 'java/lang/Class'{0x0000000742c25c30} = 'java/time/Period'
 - vtable length      5  (start addr: 0x00000008002934c8)
 - itable length      25 (start addr: 0x00000008002934f0)
 - ---- static fields (3 words):
 - public static final 'ZERO' 'Ljava/time/Period;' @112 
 - private static final 'serialVersionUID' 'J' @128 
 - private static final 'PATTERN' 'Ljava/util/regex/Pattern;' @116 
 - private static final 'SUPPORTED_UNITS' 'Ljava/util/List;' @120 
 - ---- non-static fields (3 words):
 - private final 'years' 'I' @12 
 - private final 'months' 'I' @16 
 - private final 'days' 'I' @20 
 - non-static oop maps: 
RDI=0x0000017030524c00 points into unknown readable memory: 0xffffffff00000002 | 02 00 00 00 ff ff ff ff
R8 =0x0000000800293300 is a pointer to class: 
java.time.Period {0x0000000800293308}
 - instance size:     3
 - klass size:        87
 - access:            public final synchronized 
 - state:             loaded
 - name:              'java/time/Period'
 - super:             'java/lang/Object'
 - sub:               
 - arrays:            NULL
 - methods:           Array<T>(0x00000008008bfb60)
 - method ordering:   Array<T>(0x00000008008c1618)
 - default_methods:   Array<T>(0x0000000000000000)
 - local interfaces:  Array<T>(0x00000008008c1600)
 - trans. interfaces: Array<T>(0x00000008008bdd00)
 - constants:         constant pool [446] {0x00000008008bebc0} for 'java/time/Period' cache=0x0000000800294850
 - class loader data:  loader data: 0x000001702b19e2f0 of 'bootstrap'
 - source file:       'Period.java'
 - class annotations:       Array<T>(0x00000008008bfb50)
 - class type annotations:  Array<T>(0x0000000000000000)
 - field annotations:       Array<T>(0x0000000000000000)
 - field type annotations:  Array<T>(0x0000000000000000)
 - inner classes:     Array<T>(0x00000008005cf8e0)
 - nest members:     Array<T>(0x00000008005cf8e0)
 - permitted subclasses:     Array<T>(0x00000008005cf8e0)
 - java mirror:       a 'java/lang/Class'{0x0000000742c25c30} = 'java/time/Period'
 - vtable length      5  (start addr: 0x00000008002934c8)
 - itable length      25 (start addr: 0x00000008002934f0)
 - ---- static fields (3 words):
 - public static final 'ZERO' 'Ljava/time/Period;' @112 
 - private static final 'serialVersionUID' 'J' @128 
 - private static final 'PATTERN' 'Ljava/util/regex/Pattern;' @116 
 - private static final 'SUPPORTED_UNITS' 'Ljava/util/List;' @120 
 - ---- non-static fields (3 words):
 - private final 'years' 'I' @12 
 - private final 'months' 'I' @16 
 - private final 'days' 'I' @20 
 - non-static oop maps: 
R9 =0x0000000000000010 is an unknown value
R10=0x0 is NULL
R11=0x0000000000000246 is an unknown value
R12=0x0 is NULL
R13=0x0 is NULL
R14=0x0 is NULL
R15=0x00000000000003d8 is an unknown value


Registers:
RAX=0x0000000800295350, RBX=0x0000000100cfe408, RCX=0x0000000800293300, RDX=0x0000000800293978
RSP=0x0000000101dff610, RBP=0x0000000000000000, RSI=0x0000000800293300, RDI=0x0000017030524c00
R8 =0x0000000800293300, R9 =0x0000000000000010, R10=0x0000000000000000, R11=0x0000000000000246
R12=0x0000000000000000, R13=0x0000000000000000, R14=0x0000000000000000, R15=0x00000000000003d8
RIP=0x00007fffce559465, EFLAGS=0x0000000000010202

Top of Stack: (sp=0x0000000101dff610)
0x0000000101dff610:   00000000000003d8 0000000000000000
0x0000000101dff620:   0000000801063fb8 0000000000000158
0x0000000101dff630:   000001702b535998 0000000000000000
0x0000000101dff640:   0000017030524c00 000001702b5355b0
0x0000000101dff650:   000001702b5355c0 00007fffce855e87
0x0000000101dff660:   00003c8f53e17f0a 0000000000000001
0x0000000101dff670:   0000000000000000 0000000100cfe408
0x0000000101dff680:   0000000000000000 000001703074bbd0
0x0000000101dff690:   0000000000000002 00007fffce4f8522
0x0000000101dff6a0:   0000000000000000 0000000100cfe3b0
0x0000000101dff6b0:   0000000000000000 000001703074bbd0
0x0000000101dff6c0:   0000000100cfe3b0 00007fffcea2d2eb
0x0000000101dff6d0:   0000000000000001 0000000000000003
0x0000000101dff6e0:   0000000000000000 0000000000000198
0x0000000101dff6f0:   00000000000075a3 00007fffcea2d336
0x0000000101dff700:   000001703074bbd0 00000001ffffffff 

Instructions: (pc=0x00007fffce559465)
0x00007fffce559365:   00 00 e8 24 ee ff ff 48 8b 18 48 85 db 0f 84 d6
0x00007fffce559375:   00 00 00 0f 1f 84 00 00 00 00 00 48 8b 8b 98 00
0x00007fffce559385:   00 00 e8 04 f4 e8 ff 84 c0 0f 85 ba 00 00 00 48
0x00007fffce559395:   8b ce e8 f4 ed ff ff 48 8b c8 48 8b c3 f0 4c 0f
0x00007fffce5593a5:   b1 29 74 15 48 8b ce e8 df ed ff ff 48 8b 18 48
0x00007fffce5593b5:   85 db 75 c7 e9 90 00 00 00 4c 39 2d 1b 8f 7e 00
0x00007fffce5593c5:   0f 84 83 00 00 00 8b 15 2b 76 82 00 65 48 8b 04
0x00007fffce5593d5:   25 58 00 00 00 b9 20 00 00 00 4c 89 64 24 58 4c
0x00007fffce5593e5:   89 7c 24 60 48 8b 04 d0 48 8b 14 08 48 8b cb 48
0x00007fffce5593f5:   8b ba 30 02 00 00 48 8b 6f 10 4c 8b 77 18 4c 8b
0x00007fffce559405:   7f 20 4c 8b 67 28 e8 20 ee 1b 00 48 8b d0 48 8d
0x00007fffce559415:   0d a6 1d 5d 00 e8 e1 d2 ff ff 4c 39 6d 00 74 13
0x00007fffce559425:   49 8b d4 48 8b cf e8 00 48 d6 ff 48 8b cd e8 d8
0x00007fffce559435:   47 d6 ff 4c 8b 64 24 58 4c 89 7f 20 4c 8b 7c 24
0x00007fffce559445:   60 48 89 6f 10 4c 89 77 18 48 8b 86 90 01 00 00
0x00007fffce559455:   41 8b ed 44 39 28 7e 5a 4d 8b f5 49 8b 44 06 08
0x00007fffce559465:   48 8b 78 10 48 85 ff 74 38 8b 05 bc 24 80 00 83
0x00007fffce559475:   f8 02 75 05 49 8b dd eb 11 48 8d 5f 18 48 85 db
0x00007fffce559485:   74 08 48 8b cb e8 b1 38 2c 00 33 d2 48 8b cf e8
0x00007fffce559495:   17 b2 2a 00 48 85 db 74 08 48 8b cb e8 6a 3a 2c
0x00007fffce5594a5:   00 48 8b 86 90 01 00 00 ff c5 49 83 c6 08 3b 28
0x00007fffce5594b5:   7c a9 48 8b 5c 24 68 48 83 c4 20 41 5e 41 5d 5f
0x00007fffce5594c5:   5e 5d c3 cc cc cc cc cc cc cc cc 4c 8b dc 53 55
0x00007fffce5594d5:   56 41 54 41 55 41 56 41 57 48 83 ec 60 33 ed 4d
0x00007fffce5594e5:   89 43 b0 40 88 2a 49 8b f0 48 8b 81 e0 00 00 00
0x00007fffce5594f5:   4c 8b ea 49 89 43 a8 4c 8b f1 48 85 c0 74 14 49
0x00007fffce559505:   8b 88 40 02 00 00 49 8d 53 10 49 89 43 10 e8 28
0x00007fffce559515:   19 cc ff 4d 8b a6 e8 00 00 00 4d 85 e4 74 21 41
0x00007fffce559525:   8b 0c 24 8b c1 25 03 00 00 80 7d 07 ff c8 83 c8
0x00007fffce559535:   fc ff c0 83 f8 02 44 8d 79 fe 44 0f 45 f9 eb 03
0x00007fffce559545:   44 8b fd 48 89 bc 24 b0 00 00 00 8b dd 45 85 ff
0x00007fffce559555:   0f 8e 8d 00 00 00 0f 1f 44 00 00 48 63 c3 41 0f 


Stack slot to memory mapping:
stack at sp + 0 slots: 0x00000000000003d8 is an unknown value
stack at sp + 1 slots: 0x0 is NULL
stack at sp + 2 slots: 0x0000000801063fb8 is a pointer to class: 
java.util.BitSet {0x0000000801063fc0}
 - instance size:     3
 - klass size:        92
 - access:            public synchronized 
 - state:             fully_initialized
 - name:              'java/util/BitSet'
 - super:             'java/lang/Object'
 - sub:               
 - arrays:            NULL
 - methods:           Array<T>(0x000001702c18fb18)
 - method ordering:   Array<T>(0x00000008008f1970)
 - default_methods:   Array<T>(0x0000000000000000)
 - local interfaces:  Array<T>(0x000001702c18fa80)
 - trans. interfaces: Array<T>(0x000001702c18fa80)
 - constants:         constant pool [417] {0x000001702c18ec30} for 'java/util/BitSet' cache=0x000001702c192fd0
 - class loader data:  loader data: 0x000001702b19e2f0 of 'bootstrap'
 - source file:       'BitSet.java'
 - class annotations:       Array<T>(0x0000000000000000)
 - class type annotations:  Array<T>(0x0000000000000000)
 - field annotations:       Array<T>(0x0000000000000000)
 - field type annotations:  Array<T>(0x0000000000000000)
 - inner classes:     Array<T>(0x000001702c192f90)
 - nest members:     Array<T>(0x000001702c192fc0)
 - permitted subclasses:     Array<T>(0x00000008005cf8e0)
 - java mirror:       a 'java/lang/Class'{0x0000000742c645d0} = 'java/util/BitSet'
 - vtable length      32  (start addr: 0x0000000801064180)
 - itable length      2 (start addr: 0x0000000801064280)
 - ---- static fields (5 words):
 - private static final 'ADDRESS_BITS_PER_WORD' 'I' @136 
 - private static final 'BITS_PER_WORD' 'I' @140 
 - private static final 'BIT_INDEX_MASK' 'I' @144 
 - private static final 'WORD_MASK' 'J' @120 
 - private static final 'serialPersistentFields' '[Ljava/io/ObjectStreamField;' @112 
 - private static final 'serialVersionUID' 'J' @128 
 - static final synthetic '$assertionsDisabled' 'Z' @148 
 - ---- non-static fields (3 words):
 - private transient 'wordsInUse' 'I' @12 
 - private transient 'sizeIsSticky' 'Z' @16 
 - private 'words' '[J' @20 
 - non-static oop maps: 20-20 
stack at sp + 3 slots: 0x0000000000000158 is an unknown value
stack at sp + 4 slots: 0x000001702b535998 points into unknown readable memory: 0x88000f00da31f4fa | fa f4 31 da 00 0f 00 88
stack at sp + 5 slots: 0x0 is NULL
stack at sp + 6 slots: 0x0000017030524c00 points into unknown readable memory: 0xffffffff00000002 | 02 00 00 00 ff ff ff ff
stack at sp + 7 slots: 0x000001702b5355b0 points into unknown readable memory: 0x0000000000000000 | 00 00 00 00 00 00 00 00


---------------  P R O C E S S  ---------------

Threads class SMR info:
_java_thread_list=0x0000017031b87300, length=30, elements={
0x000001702b2d25a0, 0x000001702b2d3410, 0x000001702b2e5630, 0x000001702b2e71f0,
0x000001702b2e9cb0, 0x000001702b2ea660, 0x000001702b2eb340, 0x000001702b34daf0,
0x000001702b34e000, 0x000001702b4e3bd0, 0x000001702b7697e0, 0x000001703182a210,
0x000001703182b080, 0x0000017031829d40, 0x00000170318293a0, 0x000001703182ba20,
0x0000017031828a00, 0x0000017031828530, 0x0000017031829870, 0x000001703182abb0,
0x000001703182a6e0, 0x0000017032fbda40, 0x0000017032fbaef0, 0x0000017032fbd570,
0x0000017032fbaa20, 0x0000017032fc1da0, 0x0000017032fbb3c0, 0x0000017032fc2270,
0x0000017032fbd0a0, 0x000001703554fa90
}

Java Threads: ( => current thread )
  0x000001702b2d25a0 JavaThread "Reference Handler" daemon [_thread_blocked, id=1900, stack(0x0000000100d00000,0x0000000100e00000)]
  0x000001702b2d3410 JavaThread "Finalizer" daemon [_thread_blocked, id=11004, stack(0x0000000100e00000,0x0000000100f00000)]
  0x000001702b2e5630 JavaThread "Signal Dispatcher" daemon [_thread_blocked, id=11516, stack(0x0000000100f00000,0x0000000101000000)]
  0x000001702b2e71f0 JavaThread "Attach Listener" daemon [_thread_blocked, id=4936, stack(0x0000000101000000,0x0000000101100000)]
  0x000001702b2e9cb0 JavaThread "Service Thread" daemon [_thread_blocked, id=5936, stack(0x0000000101100000,0x0000000101200000)]
  0x000001702b2ea660 JavaThread "Monitor Deflation Thread" daemon [_thread_blocked, id=6604, stack(0x0000000101200000,0x0000000101300000)]
  0x000001702b2eb340 JavaThread "C2 CompilerThread0" daemon [_thread_blocked, id=14708, stack(0x0000000101300000,0x0000000101400000)]
  0x000001702b34daf0 JavaThread "C1 CompilerThread0" daemon [_thread_blocked, id=4608, stack(0x0000000101400000,0x0000000101500000)]
  0x000001702b34e000 JavaThread "Sweeper thread" daemon [_thread_blocked, id=13524, stack(0x0000000101500000,0x0000000101600000)]
  0x000001702b4e3bd0 JavaThread "Common-Cleaner" daemon [_thread_blocked, id=14684, stack(0x0000000101600000,0x0000000101700000)]
  0x000001702b7697e0 JavaThread "Notification Thread" daemon [_thread_blocked, id=12916, stack(0x0000000101800000,0x0000000101900000)]
  0x000001703182a210 JavaThread "mysql-cj-abandoned-connection-cleanup" daemon [_thread_blocked, id=10156, stack(0x0000000102000000,0x0000000102100000)]
  0x000001703182b080 JavaThread "HikariPool-1 housekeeper" daemon [_thread_blocked, id=1092, stack(0x0000000102200000,0x0000000102300000)]
  0x0000017031829d40 JavaThread "Catalina-utility-1" [_thread_blocked, id=10296, stack(0x0000000102400000,0x0000000102500000)]
  0x00000170318293a0 JavaThread "Catalina-utility-2" [_thread_blocked, id=4324, stack(0x0000000102500000,0x0000000102600000)]
  0x000001703182ba20 JavaThread "container-0" [_thread_blocked, id=12000, stack(0x0000000102600000,0x0000000102700000)]
  0x0000017031828a00 JavaThread "Live Reload Server" daemon [_thread_in_native, id=14188, stack(0x0000000102900000,0x0000000102a00000)]
  0x0000017031828530 JavaThread "http-nio-8090-exec-1" daemon [_thread_blocked, id=12560, stack(0x0000000102800000,0x0000000102900000)]
  0x0000017031829870 JavaThread "http-nio-8090-exec-2" daemon [_thread_blocked, id=9504, stack(0x0000000102a00000,0x0000000102b00000)]
  0x000001703182abb0 JavaThread "http-nio-8090-exec-3" daemon [_thread_blocked, id=13168, stack(0x0000000102b00000,0x0000000102c00000)]
  0x000001703182a6e0 JavaThread "http-nio-8090-exec-4" daemon [_thread_blocked, id=14264, stack(0x0000000102c00000,0x0000000102d00000)]
  0x0000017032fbda40 JavaThread "http-nio-8090-exec-5" daemon [_thread_blocked, id=14160, stack(0x0000000102d00000,0x0000000102e00000)]
  0x0000017032fbaef0 JavaThread "http-nio-8090-exec-6" daemon [_thread_blocked, id=3192, stack(0x0000000102e00000,0x0000000102f00000)]
  0x0000017032fbd570 JavaThread "http-nio-8090-exec-7" daemon [_thread_blocked, id=12244, stack(0x0000000102f00000,0x0000000103000000)]
  0x0000017032fbaa20 JavaThread "http-nio-8090-exec-8" daemon [_thread_blocked, id=8488, stack(0x0000000103000000,0x0000000103100000)]
  0x0000017032fc1da0 JavaThread "http-nio-8090-exec-9" daemon [_thread_blocked, id=14008, stack(0x0000000103100000,0x0000000103200000)]
  0x0000017032fbb3c0 JavaThread "http-nio-8090-exec-10" daemon [_thread_blocked, id=10968, stack(0x0000000103200000,0x0000000103300000)]
  0x0000017032fc2270 JavaThread "DestroyJavaVM" [_thread_blocked, id=6032, stack(0x0000000100600000,0x0000000100700000)]
  0x0000017032fbd0a0 JavaThread "Thread-5" [_thread_blocked, id=1992, stack(0x0000000100100000,0x0000000100200000)]
  0x000001703554fa90 JavaThread "C2 CompilerThread1" daemon [_thread_blocked, id=6784, stack(0x0000000100500000,0x0000000100600000)]

Other Threads:
  0x000001702b2cf0f0 VMThread "VM Thread" [stack: 0x0000000100c00000,0x0000000100d00000] [id=12316]
  0x000001700b2dc830 WatcherThread [stack: 0x0000000101900000,0x0000000101a00000] [id=1248]
  0x000001700b2c71a0 GCTaskThread "GC Thread#0" [stack: 0x0000000100700000,0x0000000100800000] [id=14728]
  0x000001703074b670 GCTaskThread "GC Thread#1" [stack: 0x0000000101b00000,0x0000000101c00000] [id=1472]
  0x000001703074b920 GCTaskThread "GC Thread#2" [stack: 0x0000000101c00000,0x0000000101d00000] [id=11340]
=>0x000001703074bbd0 GCTaskThread "GC Thread#3" [stack: 0x0000000101d00000,0x0000000101e00000] [id=5612]
  0x000001700b2d3e30 ConcurrentGCThread "G1 Main Marker" [stack: 0x0000000100800000,0x0000000100900000] [id=4624]
  0x000001700b2d4840 ConcurrentGCThread "G1 Conc#0" [stack: 0x0000000100900000,0x0000000100a00000] [id=12892]
  0x000001700b33d100 ConcurrentGCThread "G1 Refine#0" [stack: 0x0000000100a00000,0x0000000100b00000] [id=15252]
  0x000001700b33db20 ConcurrentGCThread "G1 Service" [stack: 0x0000000100b00000,0x0000000100c00000] [id=14240]

Threads with active compile tasks:
C2 CompilerThread0  1331364 7437       4       org.springframework.core.ResolvableType::resolveType (146 bytes)
C1 CompilerThread0  1331364 7465       3       java.lang.Class::searchFields (43 bytes)

VM state: at safepoint (normal execution)

VM Mutex/Monitor currently owned by a thread:  ([mutex/lock_event])
[0x000001700b26b620] Threads_lock - owner thread: 0x000001702b2cf0f0
[0x000001700b26b6b0] Heap_lock - owner thread: 0x0000017032fbd0a0

Heap address: 0x0000000742a00000, size: 3030 MB, Compressed Oops mode: Zero based, Oop shift amount: 3

CDS archive(s) mapped at: [0x0000000800000000-0x0000000800bc0000-0x0000000800bc0000), size 12320768, SharedBaseAddress: 0x0000000800000000, ArchiveRelocationMode: 0.
Compressed class space mapped at: 0x0000000801000000-0x0000000841000000, reserved size: 1073741824
Narrow klass base: 0x0000000800000000, Narrow klass shift: 0, Narrow klass range: 0x100000000

GC Precious Log:
 CPUs: 4 total, 4 available
 Memory: 12118M
 Large Page Support: Disabled
 NUMA Support: Disabled
 Compressed Oops: Enabled (Zero based)
 Heap Region Size: 2M
 Heap Min Capacity: 8M
 Heap Initial Capacity: 190M
 Heap Max Capacity: 3030M
 Pre-touch: Disabled
 Parallel Workers: 4
 Concurrent Workers: 1
 Concurrent Refinement Workers: 4
 Periodic GC: Disabled

Heap:
 garbage-first heap   total 104448K, used 65500K [0x0000000742a00000, 0x0000000800000000)
  region size 2048K, 21 young (43008K), 3 survivors (6144K)
 Metaspace       used 70870K, committed 71424K, reserved 1114112K
  class space    used 9660K, committed 9920K, reserved 1048576K

Heap Regions: E=young(eden), S=young(survivor), O=old, HS=humongous(starts), HC=humongous(continues), CS=collection set, F=free, OA=open archive, CA=closed archive, TAMS=top-at-mark-start (previous, next)
|   0|0x0000000742a00000, 0x0000000742c00000, 0x0000000742c00000|100%| O|  |TAMS 0x0000000742c00000, 0x0000000742a00000| Untracked 
|   1|0x0000000742c00000, 0x0000000742e00000, 0x0000000742e00000|100%| O|  |TAMS 0x0000000742e00000, 0x0000000742c00000| Untracked 
|   2|0x0000000742e00000, 0x0000000743000000, 0x0000000743000000|100%| O|  |TAMS 0x0000000743000000, 0x0000000742e00000| Untracked 
|   3|0x0000000743000000, 0x0000000743200000, 0x0000000743200000|100%| O|  |TAMS 0x0000000743200000, 0x0000000743000000| Untracked 
|   4|0x0000000743200000, 0x0000000743400000, 0x0000000743400000|100%| O|  |TAMS 0x0000000743400000, 0x0000000743200000| Untracked 
|   5|0x0000000743400000, 0x0000000743600000, 0x0000000743600000|100%| O|  |TAMS 0x0000000743600000, 0x0000000743400000| Untracked 
|   6|0x0000000743600000, 0x0000000743800000, 0x0000000743800000|100%| O|  |TAMS 0x0000000743800000, 0x0000000743600000| Untracked 
|   7|0x0000000743800000, 0x0000000743a00000, 0x0000000743a00000|100%| O|  |TAMS 0x0000000743a00000, 0x0000000743800000| Untracked 
|   8|0x0000000743a00000, 0x0000000743c00000, 0x0000000743c00000|100%| O|  |TAMS 0x0000000743a00000, 0x0000000743a00000| Untracked 
|   9|0x0000000743c00000, 0x0000000743e00000, 0x0000000743e00000|100%| O|  |TAMS 0x0000000743e00000, 0x0000000743c00000| Untracked 
|  10|0x0000000743e00000, 0x0000000744000000, 0x0000000744000000|100%| O|  |TAMS 0x0000000744000000, 0x0000000743e00000| Untracked 
|  11|0x0000000744000000, 0x0000000744200000, 0x0000000744200000|100%| O|  |TAMS 0x0000000744049600, 0x0000000744000000| Untracked 
|  12|0x0000000744200000, 0x00000007442cb800, 0x0000000744400000| 39%| O|  |TAMS 0x0000000744200000, 0x0000000744200000| Untracked 
|  13|0x0000000744400000, 0x0000000744400000, 0x0000000744600000|  0%| F|  |TAMS 0x0000000744400000, 0x0000000744400000| Untracked 
|  14|0x0000000744600000, 0x0000000744600000, 0x0000000744800000|  0%| F|  |TAMS 0x0000000744600000, 0x0000000744600000| Untracked 
|  15|0x0000000744800000, 0x0000000744800000, 0x0000000744a00000|  0%| F|  |TAMS 0x0000000744800000, 0x0000000744800000| Untracked 
|  16|0x0000000744a00000, 0x0000000744a00000, 0x0000000744c00000|  0%| F|  |TAMS 0x0000000744a00000, 0x0000000744a00000| Untracked 
|  17|0x0000000744c00000, 0x0000000744c00000, 0x0000000744e00000|  0%| F|  |TAMS 0x0000000744c00000, 0x0000000744c00000| Untracked 
|  18|0x0000000744e00000, 0x0000000744e00000, 0x0000000745000000|  0%| F|  |TAMS 0x0000000744e00000, 0x0000000744e00000| Untracked 
|  19|0x0000000745000000, 0x0000000745000000, 0x0000000745200000|  0%| F|  |TAMS 0x0000000745000000, 0x0000000745000000| Untracked 
|  20|0x0000000745200000, 0x0000000745200000, 0x0000000745400000|  0%| F|  |TAMS 0x0000000745200000, 0x0000000745200000| Untracked 
|  21|0x0000000745400000, 0x0000000745400000, 0x0000000745600000|  0%| F|  |TAMS 0x0000000745400000, 0x0000000745400000| Untracked 
|  22|0x0000000745600000, 0x0000000745600000, 0x0000000745800000|  0%| F|  |TAMS 0x0000000745600000, 0x0000000745600000| Untracked 
|  23|0x0000000745800000, 0x0000000745800000, 0x0000000745a00000|  0%| F|  |TAMS 0x0000000745800000, 0x0000000745800000| Untracked 
|  24|0x0000000745a00000, 0x0000000745b18348, 0x0000000745c00000| 54%| S|  |TAMS 0x0000000745a00000, 0x0000000745a00000| Complete 
|  25|0x0000000745c00000, 0x0000000745e00000, 0x0000000745e00000|100%| S|  |TAMS 0x0000000745c00000, 0x0000000745c00000| Complete 
|  26|0x0000000745e00000, 0x0000000746000000, 0x0000000746000000|100%| S|  |TAMS 0x0000000745e00000, 0x0000000745e00000| Complete 
|  27|0x0000000746000000, 0x0000000746000000, 0x0000000746200000|  0%| F|  |TAMS 0x0000000746000000, 0x0000000746000000| Untracked 
|  28|0x0000000746200000, 0x0000000746200000, 0x0000000746400000|  0%| F|  |TAMS 0x0000000746200000, 0x0000000746200000| Untracked 
|  29|0x0000000746400000, 0x0000000746400000, 0x0000000746600000|  0%| F|  |TAMS 0x0000000746400000, 0x0000000746400000| Untracked 
|  30|0x0000000746600000, 0x0000000746600000, 0x0000000746800000|  0%| F|  |TAMS 0x0000000746600000, 0x0000000746600000| Untracked 
|  31|0x0000000746800000, 0x0000000746800000, 0x0000000746a00000|  0%| F|  |TAMS 0x0000000746800000, 0x0000000746800000| Untracked 
|  32|0x0000000746a00000, 0x0000000746a00000, 0x0000000746c00000|  0%| F|  |TAMS 0x0000000746a00000, 0x0000000746a00000| Untracked 
|  33|0x0000000746c00000, 0x0000000746c136a0, 0x0000000746e00000|  3%| E|  |TAMS 0x0000000746c00000, 0x0000000746c00000| Complete 
|  34|0x0000000746e00000, 0x0000000747000000, 0x0000000747000000|100%| E|  |TAMS 0x0000000746e00000, 0x0000000746e00000| Complete 
|  35|0x0000000747000000, 0x0000000747200000, 0x0000000747200000|100%| E|  |TAMS 0x0000000747000000, 0x0000000747000000| Complete 
|  36|0x0000000747200000, 0x0000000747400000, 0x0000000747400000|100%| E|  |TAMS 0x0000000747200000, 0x0000000747200000| Complete 
|  37|0x0000000747400000, 0x0000000747600000, 0x0000000747600000|100%| E|  |TAMS 0x0000000747400000, 0x0000000747400000| Complete 
|  38|0x0000000747600000, 0x0000000747800000, 0x0000000747800000|100%| E|  |TAMS 0x0000000747600000, 0x0000000747600000| Complete 
|  39|0x0000000747800000, 0x0000000747a00000, 0x0000000747a00000|100%| E|  |TAMS 0x0000000747800000, 0x0000000747800000| Complete 
|  40|0x0000000747a00000, 0x0000000747c00000, 0x0000000747c00000|100%| E|  |TAMS 0x0000000747a00000, 0x0000000747a00000| Complete 
|  41|0x0000000747c00000, 0x0000000747e00000, 0x0000000747e00000|100%| E|  |TAMS 0x0000000747c00000, 0x0000000747c00000| Complete 
|  42|0x0000000747e00000, 0x0000000748000000, 0x0000000748000000|100%| E|  |TAMS 0x0000000747e00000, 0x0000000747e00000| Complete 
|  43|0x0000000748000000, 0x0000000748200000, 0x0000000748200000|100%| E|  |TAMS 0x0000000748000000, 0x0000000748000000| Complete 
|  44|0x0000000748200000, 0x0000000748400000, 0x0000000748400000|100%| E|  |TAMS 0x0000000748200000, 0x0000000748200000| Complete 
|  45|0x0000000748400000, 0x0000000748600000, 0x0000000748600000|100%| E|  |TAMS 0x0000000748400000, 0x0000000748400000| Complete 
|  46|0x0000000748600000, 0x0000000748800000, 0x0000000748800000|100%| E|  |TAMS 0x0000000748600000, 0x0000000748600000| Complete 
|  47|0x0000000748800000, 0x0000000748a00000, 0x0000000748a00000|100%| E|  |TAMS 0x0000000748800000, 0x0000000748800000| Complete 
|  58|0x0000000749e00000, 0x000000074a000000, 0x000000074a000000|100%| E|  |TAMS 0x0000000749e00000, 0x0000000749e00000| Complete 
|  59|0x000000074a000000, 0x000000074a200000, 0x000000074a200000|100%| E|  |TAMS 0x000000074a000000, 0x000000074a000000| Complete 
|  94|0x000000074e600000, 0x000000074e800000, 0x000000074e800000|100%| E|  |TAMS 0x000000074e600000, 0x000000074e600000| Complete 

Card table byte_map: [0x0000017022370000,0x0000017022960000] _byte_map_base: 0x000001701e95b000

Marking Bits (Prev, Next): (CMBitMap*) 0x000001700b2c77f0, (CMBitMap*) 0x000001700b2c77b0
 Prev Bits: [0x0000017025eb0000, 0x0000017028e08000)
 Next Bits: [0x0000017022f50000, 0x0000017025ea8000)

Polling page: 0x000001700aa40000

Metaspace:

Usage:
  Non-class:     59.78 MB used.
      Class:      9.43 MB used.
       Both:     69.21 MB used.

Virtual space:
  Non-class space:       64.00 MB reserved,      60.06 MB ( 94%) committed,  1 nodes.
      Class space:        1.00 GB reserved,       9.69 MB ( <1%) committed,  1 nodes.
             Both:        1.06 GB reserved,      69.75 MB (  6%) committed. 

Chunk freelists:
   Non-Class:  3.42 MB
       Class:  6.14 MB
        Both:  9.56 MB

MaxMetaspaceSize: unlimited
CompressedClassSpaceSize: 1.00 GB
Initial GC threshold: 21.00 MB
Current GC threshold: 98.56 MB
CDS: on
MetaspaceReclaimPolicy: balanced
 - commit_granule_bytes: 65536.
 - commit_granule_words: 8192.
 - virtual_space_node_default_size: 8388608.
 - enlarge_chunks_in_place: 1.
 - new_chunks_are_fully_committed: 0.
 - uncommit_free_chunks: 1.
 - use_allocation_guard: 0.
 - handle_deallocations: 1.


Internal statistics:

num_allocs_failed_limit: 9.
num_arena_births: 730.
num_arena_deaths: 0.
num_vsnodes_births: 2.
num_vsnodes_deaths: 0.
num_space_committed: 1116.
num_space_uncommitted: 0.
num_chunks_returned_to_freelist: 9.
num_chunks_taken_from_freelist: 3219.
num_chunk_merges: 9.
num_chunk_splits: 2357.
num_chunks_enlarged: 1855.
num_inconsistent_stats: 0.

CodeHeap 'non-profiled nmethods': size=120000Kb used=4384Kb max_used=4384Kb free=115616Kb
 bounds [0x000001701a850000, 0x000001701aca0000, 0x0000017021d80000]
CodeHeap 'profiled nmethods': size=120000Kb used=12360Kb max_used=12360Kb free=107639Kb
 bounds [0x0000017012d80000, 0x00000170139a0000, 0x000001701a2b0000]
CodeHeap 'non-nmethods': size=5760Kb used=1369Kb max_used=1443Kb free=4390Kb
 bounds [0x000001701a2b0000, 0x000001701a520000, 0x000001701a850000]
 total_blobs=7314 nmethods=6614 adapters=611
 compilation: enabled
              stopped_count=0, restarted_count=0
 full_count=0

Compilation events (20 events):
Event: 1331.154 Thread 0x000001702b34daf0 nmethod 7452 0x000001701398c810 code [0x000001701398ca40, 0x000001701398d368]
Event: 1331.154 Thread 0x000001702b34daf0 7455       3       java.lang.invoke.LambdaFormEditor::getInCache (165 bytes)
Event: 1331.155 Thread 0x000001702b34daf0 nmethod 7455 0x000001701398d710 code [0x000001701398d980, 0x000001701398e918]
Event: 1331.156 Thread 0x000001702b34daf0 7457   !   3       org.hibernate.service.internal.AbstractServiceRegistryImpl::getService (119 bytes)
Event: 1331.157 Thread 0x000001702b34daf0 nmethod 7457 0x000001701398ec90 code [0x000001701398ef40, 0x000001701398ff18]
Event: 1331.159 Thread 0x000001702b34daf0 7458       1       org.hibernate.service.spi.ServiceBinding::getService (5 bytes)
Event: 1331.160 Thread 0x000001702b34daf0 nmethod 7458 0x000001701ac97d10 code [0x000001701ac97ea0, 0x000001701ac97f78]
Event: 1331.167 Thread 0x000001702b34daf0 7459       3       java.lang.Long::toString (55 bytes)
Event: 1331.167 Thread 0x000001702b34daf0 nmethod 7459 0x0000017013990590 code [0x0000017013990760, 0x0000017013990af8]
Event: 1331.169 Thread 0x000001702b34daf0 7460       3       ch.qos.logback.core.pattern.DynamicConverter::getFirstOption (35 bytes)
Event: 1331.169 Thread 0x000001702b34daf0 nmethod 7460 0x0000017013990c90 code [0x0000017013990e60, 0x00000170139912b8]
Event: 1331.170 Thread 0x000001702b34daf0 7461       3       org.springframework.boot.ansi.AnsiOutput::toString (32 bytes)
Event: 1331.171 Thread 0x000001702b34daf0 nmethod 7461 0x0000017013991410 code [0x0000017013991620, 0x0000017013991b18]
Event: 1331.171 Thread 0x000001702b34daf0 7462       3       ch.qos.logback.core.pattern.CompositeConverter::convert (43 bytes)
Event: 1331.172 Thread 0x000001702b34daf0 nmethod 7462 0x0000017013991d10 code [0x0000017013991f40, 0x00000170139926e8]
Event: 1331.172 Thread 0x000001702b34daf0 7463       3       org.springframework.boot.logging.logback.ColorConverter::transform (10 bytes)
Event: 1331.172 Thread 0x000001702b34daf0 nmethod 7463 0x0000017013992990 code [0x0000017013992b40, 0x0000017013992da8]
Event: 1331.172 Thread 0x000001702b34daf0 7464       3       org.springframework.boot.logging.logback.ColorConverter::transform (60 bytes)
Event: 1331.173 Thread 0x000001702b34daf0 nmethod 7464 0x0000017013992e90 code [0x0000017013993120, 0x00000170139940b8]
Event: 1331.174 Thread 0x000001702b34daf0 7465       3       java.lang.Class::searchFields (43 bytes)

GC Heap History (20 events):
Event: 7.645 GC heap after
{Heap after GC invocations=8 (full 0):
 garbage-first heap   total 79872K, used 16866K [0x0000000742a00000, 0x0000000800000000)
  region size 2048K, 1 young (2048K), 1 survivors (2048K)
 Metaspace       used 29518K, committed 30016K, reserved 1114112K
  class space    used 3738K, committed 3968K, reserved 1048576K
}
Event: 8.619 GC heap before
{Heap before GC invocations=8 (full 0):
 garbage-first heap   total 79872K, used 37346K [0x0000000742a00000, 0x0000000800000000)
  region size 2048K, 12 young (24576K), 1 survivors (2048K)
 Metaspace       used 35738K, committed 36096K, reserved 1114112K
  class space    used 4630K, committed 4800K, reserved 1048576K
}
Event: 8.629 GC heap after
{Heap after GC invocations=9 (full 0):
 garbage-first heap   total 79872K, used 18239K [0x0000000742a00000, 0x0000000800000000)
  region size 2048K, 2 young (4096K), 2 survivors (4096K)
 Metaspace       used 35738K, committed 36096K, reserved 1114112K
  class space    used 4630K, committed 4800K, reserved 1048576K
}
Event: 10.474 GC heap before
{Heap before GC invocations=10 (full 0):
 garbage-first heap   total 75776K, used 53055K [0x0000000742a00000, 0x0000000800000000)
  region size 2048K, 20 young (40960K), 2 survivors (4096K)
 Metaspace       used 48567K, committed 48960K, reserved 1114112K
  class space    used 6427K, committed 6592K, reserved 1048576K
}
Event: 10.482 GC heap after
{Heap after GC invocations=11 (full 0):
 garbage-first heap   total 75776K, used 21317K [0x0000000742a00000, 0x0000000800000000)
  region size 2048K, 3 young (6144K), 3 survivors (6144K)
 Metaspace       used 48567K, committed 48960K, reserved 1114112K
  class space    used 6427K, committed 6592K, reserved 1048576K
}
Event: 10.567 GC heap before
{Heap before GC invocations=11 (full 0):
 garbage-first heap   total 75776K, used 23365K [0x0000000742a00000, 0x0000000800000000)
  region size 2048K, 4 young (8192K), 3 survivors (6144K)
 Metaspace       used 49030K, committed 49408K, reserved 1114112K
  class space    used 6533K, committed 6720K, reserved 1048576K
}
Event: 10.578 GC heap after
{Heap after GC invocations=12 (full 0):
 garbage-first heap   total 75776K, used 21512K [0x0000000742a00000, 0x0000000800000000)
  region size 2048K, 1 young (2048K), 1 survivors (2048K)
 Metaspace       used 49030K, committed 49408K, reserved 1114112K
  class space    used 6533K, committed 6720K, reserved 1048576K
}
Event: 11.909 GC heap before
{Heap before GC invocations=12 (full 0):
 garbage-first heap   total 75776K, used 54280K [0x0000000742a00000, 0x0000000800000000)
  region size 2048K, 17 young (34816K), 1 survivors (2048K)
 Metaspace       used 55644K, committed 56128K, reserved 1114112K
  class space    used 7445K, committed 7680K, reserved 1048576K
}
Event: 11.915 GC heap after
{Heap after GC invocations=13 (full 0):
 garbage-first heap   total 75776K, used 22778K [0x0000000742a00000, 0x0000000800000000)
  region size 2048K, 1 young (2048K), 1 survivors (2048K)
 Metaspace       used 55644K, committed 56128K, reserved 1114112K
  class space    used 7445K, committed 7680K, reserved 1048576K
}
Event: 12.504 GC heap before
{Heap before GC invocations=13 (full 0):
 garbage-first heap   total 75776K, used 49402K [0x0000000742a00000, 0x0000000800000000)
  region size 2048K, 15 young (30720K), 1 survivors (2048K)
 Metaspace       used 59960K, committed 60480K, reserved 1114112K
  class space    used 8162K, committed 8448K, reserved 1048576K
}
Event: 12.510 GC heap after
{Heap after GC invocations=14 (full 0):
 garbage-first heap   total 75776K, used 24378K [0x0000000742a00000, 0x0000000800000000)
  region size 2048K, 2 young (4096K), 2 survivors (4096K)
 Metaspace       used 59960K, committed 60480K, reserved 1114112K
  class space    used 8162K, committed 8448K, reserved 1048576K
}
Event: 13.133 GC heap before
{Heap before GC invocations=15 (full 0):
 garbage-first heap   total 75776K, used 55098K [0x0000000742a00000, 0x0000000800000000)
  region size 2048K, 17 young (34816K), 2 survivors (4096K)
 Metaspace       used 60458K, committed 60928K, reserved 1114112K
  class space    used 8273K, committed 8512K, reserved 1048576K
}
Event: 13.140 GC heap after
{Heap after GC invocations=16 (full 0):
 garbage-first heap   total 75776K, used 25446K [0x0000000742a00000, 0x0000000800000000)
  region size 2048K, 2 young (4096K), 2 survivors (4096K)
 Metaspace       used 60458K, committed 60928K, reserved 1114112K
  class space    used 8273K, committed 8512K, reserved 1048576K
}
Event: 13.796 GC heap before
{Heap before GC invocations=16 (full 0):
 garbage-first heap   total 75776K, used 56166K [0x0000000742a00000, 0x0000000800000000)
  region size 2048K, 17 young (34816K), 2 survivors (4096K)
 Metaspace       used 62979K, committed 63488K, reserved 1114112K
  class space    used 8625K, committed 8896K, reserved 1048576K
}
Event: 13.805 GC heap after
{Heap after GC invocations=17 (full 0):
 garbage-first heap   total 75776K, used 27422K [0x0000000742a00000, 0x0000000800000000)
  region size 2048K, 3 young (6144K), 3 survivors (6144K)
 Metaspace       used 62979K, committed 63488K, reserved 1114112K
  class space    used 8625K, committed 8896K, reserved 1048576K
}
Event: 61.307 GC heap before
{Heap before GC invocations=17 (full 0):
 garbage-first heap   total 75776K, used 56094K [0x0000000742a00000, 0x0000000800000000)
  region size 2048K, 17 young (34816K), 3 survivors (6144K)
 Metaspace       used 66538K, committed 67008K, reserved 1114112K
  class space    used 9128K, committed 9344K, reserved 1048576K
}
Event: 61.317 GC heap after
{Heap after GC invocations=18 (full 0):
 garbage-first heap   total 104448K, used 29433K [0x0000000742a00000, 0x0000000800000000)
  region size 2048K, 3 young (6144K), 3 survivors (6144K)
 Metaspace       used 66538K, committed 67008K, reserved 1114112K
  class space    used 9128K, committed 9344K, reserved 1048576K
}
Event: 638.104 GC heap before
{Heap before GC invocations=18 (full 0):
 garbage-first heap   total 104448K, used 76537K [0x0000000742a00000, 0x0000000800000000)
  region size 2048K, 27 young (55296K), 3 survivors (6144K)
 Metaspace       used 70748K, committed 71296K, reserved 1114112K
  class space    used 9641K, committed 9920K, reserved 1048576K
}
Event: 638.113 GC heap after
{Heap after GC invocations=19 (full 0):
 garbage-first heap   total 104448K, used 30606K [0x0000000742a00000, 0x0000000800000000)
  region size 2048K, 3 young (6144K), 3 survivors (6144K)
 Metaspace       used 70748K, committed 71296K, reserved 1114112K
  class space    used 9641K, committed 9920K, reserved 1048576K
}
Event: 1331.175 GC heap before
{Heap before GC invocations=19 (full 0):
 garbage-first heap   total 104448K, used 65422K [0x0000000742a00000, 0x0000000800000000)
  region size 2048K, 21 young (43008K), 3 survivors (6144K)
 Metaspace       used 70870K, committed 71424K, reserved 1114112K
  class space    used 9660K, committed 9920K, reserved 1048576K
}

Dll operation events (13 events):
Event: 0.011 Loaded shared library D:\.jdks\corretto-17.0.7\bin\java.dll
Event: 0.027 Loaded shared library D:\.jdks\corretto-17.0.7\bin\jsvml.dll
Event: 0.248 Loaded shared library D:\.jdks\corretto-17.0.7\bin\zip.dll
Event: 0.250 Loaded shared library D:\.jdks\corretto-17.0.7\bin\instrument.dll
Event: 0.259 Loaded shared library D:\.jdks\corretto-17.0.7\bin\net.dll
Event: 0.261 Loaded shared library D:\.jdks\corretto-17.0.7\bin\nio.dll
Event: 0.265 Loaded shared library D:\.jdks\corretto-17.0.7\bin\zip.dll
Event: 0.671 Loaded shared library D:\IntelliJ IDEA Community Edition 2022.3.2\bin\breakgen64.dll
Event: 0.756 Loaded shared library D:\.jdks\corretto-17.0.7\bin\jimage.dll
Event: 1.480 Loaded shared library D:\.jdks\corretto-17.0.7\bin\management.dll
Event: 1.483 Loaded shared library D:\.jdks\corretto-17.0.7\bin\management_ext.dll
Event: 2.672 Loaded shared library D:\.jdks\corretto-17.0.7\bin\verify.dll
Event: 6.916 Loaded shared library D:\.jdks\corretto-17.0.7\bin\sunmscapi.dll

Deoptimization events (20 events):
Event: 463.784 Thread 0x00000170318293a0 DEOPT PACKING pc=0x000001701ac8fca4 sp=0x00000001025fe760
Event: 463.784 Thread 0x00000170318293a0 DEOPT UNPACKING pc=0x000001701a3069a3 sp=0x00000001025fe720 mode 2
Event: 463.784 Thread 0x00000170318293a0 Uncommon trap: trap_request=0xffffffbe fr.pc=0x000001701ac8fca4 relative=0x0000000000000f24
Event: 463.784 Thread 0x00000170318293a0 Uncommon trap: reason=profile_predicate action=maybe_recompile pc=0x000001701ac8fca4 method=java.util.TreeMap.put(Ljava/lang/Object;Ljava/lang/Object;Z)Ljava/lang/Object; @ 27 c2
Event: 463.784 Thread 0x00000170318293a0 DEOPT PACKING pc=0x000001701ac8fca4 sp=0x00000001025fe760
Event: 463.784 Thread 0x00000170318293a0 DEOPT UNPACKING pc=0x000001701a3069a3 sp=0x00000001025fe720 mode 2
Event: 1330.643 Thread 0x000001703182bef0 Uncommon trap: trap_request=0xffffff45 fr.pc=0x000001701ac6e1a0 relative=0x0000000000000ce0
Event: 1330.643 Thread 0x000001703182bef0 Uncommon trap: reason=unstable_if action=reinterpret pc=0x000001701ac6e1a0 method=java.util.AbstractCollection.containsAll(Ljava/util/Collection;)Z @ 28 c2
Event: 1330.643 Thread 0x000001703182bef0 DEOPT PACKING pc=0x000001701ac6e1a0 sp=0x00000001027feff0
Event: 1330.643 Thread 0x000001703182bef0 DEOPT UNPACKING pc=0x000001701a3069a3 sp=0x00000001027fefc0 mode 2
Event: 1331.072 Thread 0x000001703182bef0 Uncommon trap: trap_request=0xffffff45 fr.pc=0x000001701ac4fac0 relative=0x00000000000005e0
Event: 1331.072 Thread 0x000001703182bef0 Uncommon trap: reason=unstable_if action=reinterpret pc=0x000001701ac4fac0 method=org.springframework.boot.devtools.filewatch.FileSnapshot.equals(Ljava/lang/Object;)Z @ 93 c2
Event: 1331.073 Thread 0x000001703182bef0 DEOPT PACKING pc=0x000001701ac4fac0 sp=0x00000001027ff0a0
Event: 1331.077 Thread 0x000001703182bef0 DEOPT UNPACKING pc=0x000001701a3069a3 sp=0x00000001027ff060 mode 2
Event: 1331.140 Thread 0x0000017032fbd0a0 Uncommon trap: trap_request=0xffffff45 fr.pc=0x000001701aa2bb7c relative=0x00000000000000fc
Event: 1331.140 Thread 0x0000017032fbd0a0 Uncommon trap: reason=unstable_if action=reinterpret pc=0x000001701aa2bb7c method=java.util.concurrent.ConcurrentHashMap.sumCount()J @ 41 c2
Event: 1331.140 Thread 0x0000017032fbd0a0 DEOPT PACKING pc=0x000001701aa2bb7c sp=0x00000001001fe660
Event: 1331.140 Thread 0x0000017032fbd0a0 DEOPT UNPACKING pc=0x000001701a3069a3 sp=0x00000001001fe5d0 mode 2
Event: 1331.153 Thread 0x0000017032fbd0a0 DEOPT PACKING pc=0x0000017012edd266 sp=0x00000001001fe830
Event: 1331.153 Thread 0x0000017032fbd0a0 DEOPT UNPACKING pc=0x000001701a307143 sp=0x00000001001fdce0 mode 0

Classes unloaded (0 events):
No events

Classes redefined (0 events):
No events

Internal exceptions (20 events):
Event: 1331.111 Thread 0x000001703182bef0 Exception <a 'java/io/IOException'{0x0000000746efc270}> (0x0000000746efc270) 
thrown [s\src\hotspot\share\prims\jni.cpp, line 516]
Event: 1331.140 Thread 0x0000017032fbd0a0 Implicit null exception at 0x000001701aa2bae0 to 0x000001701aa2bb5c
Event: 1331.140 Thread 0x0000017032fbd0a0 Exception <a 'java/io/IOException'{0x0000000746f61360}> (0x0000000746f61360) 
thrown [s\src\hotspot\share\prims\jni.cpp, line 516]
Event: 1331.140 Thread 0x0000017032fbd0a0 Exception <a 'java/io/IOException'{0x0000000746f61970}> (0x0000000746f61970) 
thrown [s\src\hotspot\share\prims\jni.cpp, line 516]
Event: 1331.143 Thread 0x0000017032fbd0a0 Exception <a 'java/io/IOException'{0x0000000746f68e78}> (0x0000000746f68e78) 
thrown [s\src\hotspot\share\prims\jni.cpp, line 516]
Event: 1331.143 Thread 0x0000017032fbd0a0 Exception <a 'java/io/IOException'{0x0000000746f69730}> (0x0000000746f69730) 
thrown [s\src\hotspot\share\prims\jni.cpp, line 516]
Event: 1331.148 Thread 0x0000017032fbd0a0 Exception <a 'java/io/IOException'{0x0000000746f9c728}> (0x0000000746f9c728) 
thrown [s\src\hotspot\share\prims\jni.cpp, line 516]
Event: 1331.148 Thread 0x0000017032fbd0a0 Exception <a 'java/io/IOException'{0x0000000746f9cfe0}> (0x0000000746f9cfe0) 
thrown [s\src\hotspot\share\prims\jni.cpp, line 516]
Event: 1331.149 Thread 0x0000017032fbd0a0 Exception <a 'java/lang/ClassFormatError'{0x0000000746f9f6c0}: Incompatible magic value 1784772193 in class file java/util/concurrent/locks/AbstractQueuedSynchronizer$SharedNode> (0x0000000746f9f6c0) 
thrown [s\src\hotspot\share\classfile\classFileError.cpp, line 49]
Event: 1331.155 Thread 0x0000017032fbd0a0 Exception <a 'java/io/IOException'{0x0000000746fd2a18}> (0x0000000746fd2a18) 
thrown [s\src\hotspot\share\prims\jni.cpp, line 516]
Event: 1331.155 Thread 0x0000017032fbd0a0 Exception <a 'java/io/IOException'{0x0000000746fd32a8}> (0x0000000746fd32a8) 
thrown [s\src\hotspot\share\prims\jni.cpp, line 516]
Event: 1331.160 Thread 0x0000017032fbd0a0 Exception <a 'java/lang/ClassFormatError'{0x0000000746fd77e0}: Incompatible magic value 4294967295 in class file java/util/AbstractMap$2> (0x0000000746fd77e0) 
thrown [s\src\hotspot\share\classfile\classFileError.cpp, line 49]
Event: 1331.160 Thread 0x0000017032fbd0a0 Exception <a 'java/lang/reflect/InvocationTargetException'{0x0000000746fd7bb8}> (0x0000000746fd7bb8) 
thrown [s\src\hotspot\share\runtime\reflection.cpp, line 1121]
Event: 1331.161 Thread 0x0000017032fbd0a0 Exception <a 'java/io/IOException'{0x0000000746fdae40}> (0x0000000746fdae40) 
thrown [s\src\hotspot\share\prims\jni.cpp, line 516]
Event: 1331.161 Thread 0x0000017032fbd0a0 Exception <a 'java/io/IOException'{0x0000000746fdb1a8}> (0x0000000746fdb1a8) 
thrown [s\src\hotspot\share\prims\jni.cpp, line 516]
Event: 1331.169 Thread 0x0000017032fbd0a0 Exception <a 'java/io/IOException'{0x0000000746ff39a8}> (0x0000000746ff39a8) 
thrown [s\src\hotspot\share\prims\jni.cpp, line 516]
Event: 1331.169 Thread 0x0000017032fbd0a0 Exception <a 'java/io/IOException'{0x0000000746ff3d10}> (0x0000000746ff3d10) 
thrown [s\src\hotspot\share\prims\jni.cpp, line 516]
Event: 1331.170 Thread 0x0000017032fbd0a0 Exception <a 'java/lang/ClassFormatError'{0x0000000746ff6850}: Incompatible magic value 3957834703 in class file jdk/internal/reflect/UnsafeQualifiedObjectFieldAccessorImpl> (0x0000000746ff6850) 
thrown [s\src\hotspot\share\classfile\classFileError.cpp, line 49]
Event: 1331.171 Thread 0x0000017032fbd0a0 Exception <a 'java/io/IOException'{0x0000000746ff9768}> (0x0000000746ff9768) 
thrown [s\src\hotspot\share\prims\jni.cpp, line 516]
Event: 1331.171 Thread 0x0000017032fbd0a0 Exception <a 'java/io/IOException'{0x0000000746ff9ad0}> (0x0000000746ff9ad0) 
thrown [s\src\hotspot\share\prims\jni.cpp, line 516]

VM Operations (20 events):
Event: 614.531 Executing VM operation: Cleanup done
Event: 638.104 Executing VM operation: G1CollectForAllocation
Event: 638.113 Executing VM operation: G1CollectForAllocation done
Event: 986.197 Executing VM operation: Cleanup
Event: 986.197 Executing VM operation: Cleanup done
Event: 1057.363 Executing VM operation: HandshakeAllThreads
Event: 1057.363 Executing VM operation: HandshakeAllThreads done
Event: 1058.369 Executing VM operation: Cleanup
Event: 1058.369 Executing VM operation: Cleanup done
Event: 1065.419 Executing VM operation: Cleanup
Event: 1065.419 Executing VM operation: Cleanup done
Event: 1102.750 Executing VM operation: Cleanup
Event: 1102.750 Executing VM operation: Cleanup done
Event: 1173.432 Executing VM operation: Cleanup
Event: 1173.432 Executing VM operation: Cleanup done
Event: 1331.146 Executing VM operation: ThreadDump
Event: 1331.147 Executing VM operation: ThreadDump done
Event: 1331.147 Executing VM operation: ThreadDump
Event: 1331.147 Executing VM operation: ThreadDump done
Event: 1331.174 Executing VM operation: G1CollectFull

Events (20 events):
Event: 1057.381 Thread 0x000001702b34e000 flushing nmethod 0x00000170138e0710
Event: 1057.381 Thread 0x000001702b34e000 flushing nmethod 0x00000170138e2690
Event: 1057.381 Thread 0x000001702b34e000 flushing nmethod 0x00000170138e2a90
Event: 1057.381 Thread 0x000001702b34e000 flushing nmethod 0x00000170138e5990
Event: 1057.381 Thread 0x000001702b34e000 flushing nmethod 0x00000170138e6a90
Event: 1057.381 Thread 0x000001702b34e000 flushing nmethod 0x00000170138e7110
Event: 1057.381 Thread 0x000001702b34e000 flushing nmethod 0x00000170138e7590
Event: 1057.381 Thread 0x000001702b34e000 flushing nmethod 0x00000170138e7f10
Event: 1057.381 Thread 0x000001702b34e000 flushing nmethod 0x00000170138e8310
Event: 1331.113 Thread 0x0000017032fbd0a0 Thread added: 0x0000017032fbd0a0
Event: 1331.113 Thread 0x000001703182bef0 Thread exited: 0x000001703182bef0
Event: 1331.139 Thread 0x0000017032fc00c0 Thread exited: 0x0000017032fc00c0
Event: 1331.148 loading class java/util/concurrent/locks/AbstractQueuedSynchronizer$SharedNode
Event: 1331.149 loading class java/util/concurrent/locks/AbstractQueuedSynchronizer$SharedNode done
Event: 1331.149 Thread 0x0000017032fbfbf0 Thread exited: 0x0000017032fbfbf0
Event: 1331.153 Thread 0x000001703554fa90 Thread added: 0x000001703554fa90
Event: 1331.160 loading class java/util/AbstractMap$2
Event: 1331.160 loading class java/util/AbstractMap$2 done
Event: 1331.170 loading class jdk/internal/reflect/UnsafeQualifiedObjectFieldAccessorImpl
Event: 1331.170 loading class jdk/internal/reflect/UnsafeQualifiedObjectFieldAccessorImpl done


Dynamic libraries:
0x00007ff7295a0000 - 0x00007ff7295ad000 	D:\.jdks\corretto-17.0.7\bin\java.exe
0x00007ff80c110000 - 0x00007ff80c308000 	C:\Windows\SYSTEM32\ntdll.dll
0x00007ff80a7d0000 - 0x00007ff80a88f000 	C:\Windows\System32\KERNEL32.DLL
0x00007ff809870000 - 0x00007ff809b66000 	C:\Windows\System32\KERNELBASE.dll
0x00007ff809db0000 - 0x00007ff809eb0000 	C:\Windows\System32\ucrtbase.dll
0x00007ffff9390000 - 0x00007ffff93a7000 	D:\.jdks\corretto-17.0.7\bin\jli.dll
0x00007ffff8210000 - 0x00007ffff8225000 	D:\.jdks\corretto-17.0.7\bin\VCRUNTIME140.dll
0x00007ff80ac00000 - 0x00007ff80ad9d000 	C:\Windows\System32\USER32.dll
0x00007ff809840000 - 0x00007ff809862000 	C:\Windows\System32\win32u.dll
0x00007ff80b770000 - 0x00007ff80b79c000 	C:\Windows\System32\GDI32.dll
0x00007ffff68d0000 - 0x00007ffff6b6a000 	C:\Windows\WinSxS\amd64_microsoft.windows.common-controls_6595b64144ccf1df_6.0.19041.1110_none_60b5254171f9507e\COMCTL32.dll
0x00007ff809b70000 - 0x00007ff809c85000 	C:\Windows\System32\gdi32full.dll
0x00007ff80ada0000 - 0x00007ff80ae3e000 	C:\Windows\System32\msvcrt.dll
0x00007ff809ee0000 - 0x00007ff809f7d000 	C:\Windows\System32\msvcp_win.dll
0x00007ff80b7a0000 - 0x00007ff80b7d0000 	C:\Windows\System32\IMM32.DLL
0x00007fffe8510000 - 0x00007fffe85ab000 	D:\.jdks\corretto-17.0.7\bin\msvcp140.dll
0x00007fffce200000 - 0x00007fffcee1a000 	D:\.jdks\corretto-17.0.7\bin\server\jvm.dll
0x00007ff80aa10000 - 0x00007ff80aabf000 	C:\Windows\System32\ADVAPI32.dll
0x00007ff80b8b0000 - 0x00007ff80b94c000 	C:\Windows\System32\sechost.dll
0x00007ff80aef0000 - 0x00007ff80b016000 	C:\Windows\System32\RPCRT4.dll
0x00007ffffed10000 - 0x00007ffffed19000 	C:\Windows\SYSTEM32\WSOCK32.dll
0x00007ffffebb0000 - 0x00007ffffebd7000 	C:\Windows\SYSTEM32\WINMM.dll
0x00007ff80a400000 - 0x00007ff80a46b000 	C:\Windows\System32\WS2_32.dll
0x00007ff8031a0000 - 0x00007ff8031aa000 	C:\Windows\SYSTEM32\VERSION.dll
0x00007ff807670000 - 0x00007ff807682000 	C:\Windows\SYSTEM32\kernel.appcore.dll
0x00007ffff9380000 - 0x00007ffff938a000 	D:\.jdks\corretto-17.0.7\bin\jimage.dll
0x00007ffff4e00000 - 0x00007ffff4fe4000 	C:\Windows\SYSTEM32\DBGHELP.DLL
0x00007ffff3ef0000 - 0x00007ffff3f24000 	C:\Windows\SYSTEM32\dbgcore.DLL
0x00007ff809f80000 - 0x00007ff80a002000 	C:\Windows\System32\bcryptPrimitives.dll
0x00007ff8046b0000 - 0x00007ff8046be000 	D:\.jdks\corretto-17.0.7\bin\instrument.dll
0x00007ffff8090000 - 0x00007ffff80b5000 	D:\.jdks\corretto-17.0.7\bin\java.dll
0x00007fffce120000 - 0x00007fffce1f6000 	D:\.jdks\corretto-17.0.7\bin\jsvml.dll
0x00007ff80b020000 - 0x00007ff80b764000 	C:\Windows\System32\SHELL32.dll
0x00007ff807870000 - 0x00007ff808003000 	C:\Windows\SYSTEM32\windows.storage.dll
0x00007ff80a470000 - 0x00007ff80a7c4000 	C:\Windows\System32\combase.dll
0x00007ff809170000 - 0x00007ff80919e000 	C:\Windows\SYSTEM32\Wldp.dll
0x00007ff80a170000 - 0x00007ff80a21d000 	C:\Windows\System32\SHCORE.dll
0x00007ff80a3a0000 - 0x00007ff80a3f5000 	C:\Windows\System32\shlwapi.dll
0x00007ff809730000 - 0x00007ff80974f000 	C:\Windows\SYSTEM32\profapi.dll
0x00007ffff7df0000 - 0x00007ffff7e08000 	D:\.jdks\corretto-17.0.7\bin\zip.dll
0x00007ff801490000 - 0x00007ff8014a9000 	D:\.jdks\corretto-17.0.7\bin\net.dll
0x00007ffffef10000 - 0x00007fffff01a000 	C:\Windows\SYSTEM32\WINHTTP.dll
0x00007ff808f50000 - 0x00007ff808fba000 	C:\Windows\system32\mswsock.dll
0x00007ffff9a70000 - 0x00007ffff9a85000 	D:\.jdks\corretto-17.0.7\bin\nio.dll
0x00007ff801a50000 - 0x00007ff801a6a000 	D:\IntelliJ IDEA Community Edition 2022.3.2\bin\breakgen64.dll
0x00007ff8014b0000 - 0x00007ff8014b9000 	D:\.jdks\corretto-17.0.7\bin\management.dll
0x00007ffff9a60000 - 0x00007ffff9a6b000 	D:\.jdks\corretto-17.0.7\bin\management_ext.dll
0x00007ff80a890000 - 0x00007ff80a898000 	C:\Windows\System32\PSAPI.DLL
0x00007ffff92d0000 - 0x00007ffff92e0000 	D:\.jdks\corretto-17.0.7\bin\verify.dll
0x00007ff8094f0000 - 0x00007ff809508000 	C:\Windows\SYSTEM32\CRYPTSP.dll
0x00007ff808820000 - 0x00007ff808854000 	C:\Windows\system32\rsaenh.dll
0x00007ff809eb0000 - 0x00007ff809ed7000 	C:\Windows\System32\bcrypt.dll
0x00007ff8096f0000 - 0x00007ff80971e000 	C:\Windows\SYSTEM32\USERENV.dll
0x00007ff8090e0000 - 0x00007ff8090ec000 	C:\Windows\SYSTEM32\CRYPTBASE.dll
0x00007ff808c10000 - 0x00007ff808c4c000 	C:\Windows\SYSTEM32\IPHLPAPI.DLL
0x00007ff80a970000 - 0x00007ff80a978000 	C:\Windows\System32\NSI.dll
0x00007ff801ea0000 - 0x00007ff801eb7000 	C:\Windows\SYSTEM32\dhcpcsvc6.DLL
0x00007ff801d90000 - 0x00007ff801dad000 	C:\Windows\SYSTEM32\dhcpcsvc.DLL
0x00007ff808c50000 - 0x00007ff808d1b000 	C:\Windows\SYSTEM32\DNSAPI.dll
0x00007ffff8d80000 - 0x00007ffff8d8e000 	D:\.jdks\corretto-17.0.7\bin\sunmscapi.dll
0x00007ff80a010000 - 0x00007ff80a16e000 	C:\Windows\System32\CRYPT32.dll
0x00007ff8091e0000 - 0x00007ff809208000 	C:\Windows\SYSTEM32\ncrypt.dll
0x00007ff8091a0000 - 0x00007ff8091db000 	C:\Windows\SYSTEM32\NTASN1.dll
0x00007ffff8d60000 - 0x00007ffff8d6a000 	C:\Windows\System32\rasadhlp.dll
0x00007ffff8330000 - 0x00007ffff83b2000 	C:\Windows\System32\fwpuclnt.dll
0x00007ffffa350000 - 0x00007ffffa357000 	C:\Windows\system32\wshunix.dll

dbghelp: loaded successfully - version: 4.0.5 - missing functions: none
symbol engine: initialized successfully - sym options: 0x614 - pdb path: .;D:\.jdks\corretto-17.0.7\bin;C:\Windows\SYSTEM32;C:\Windows\WinSxS\amd64_microsoft.windows.common-controls_6595b64144ccf1df_6.0.19041.1110_none_60b5254171f9507e;D:\.jdks\corretto-17.0.7\bin\server;D:\IntelliJ IDEA Community Edition 2022.3.2\bin

VM Arguments:
jvm_args: -javaagent:D:\IntelliJ IDEA Community Edition 2022.3.2\lib\idea_rt.jar=56468:D:\IntelliJ IDEA Community Edition 2022.3.2\bin -Dfile.encoding=UTF-8 
java_command: com.projet.backend.ProjetBackendApplication
java_class_path (initial): D:\PDL_project-dev2\PDL_Backend\target\classes;C:\Users\chino\.m2\repository\org\springframework\boot\spring-boot-starter-data-jpa\3.0.5\spring-boot-starter-data-jpa-3.0.5.jar;C:\Users\chino\.m2\repository\org\springframework\boot\spring-boot-starter-aop\3.0.5\spring-boot-starter-aop-3.0.5.jar;C:\Users\chino\.m2\repository\org\aspectj\aspectjweaver\1.9.19\aspectjweaver-1.9.19.jar;C:\Users\chino\.m2\repository\org\springframework\boot\spring-boot-starter-jdbc\3.0.5\spring-boot-starter-jdbc-3.0.5.jar;C:\Users\chino\.m2\repository\com\zaxxer\HikariCP\5.0.1\HikariCP-5.0.1.jar;C:\Users\chino\.m2\repository\org\springframework\spring-jdbc\6.0.7\spring-jdbc-6.0.7.jar;C:\Users\chino\.m2\repository\org\hibernate\orm\hibernate-core\6.1.7.Final\hibernate-core-6.1.7.Final.jar;C:\Users\chino\.m2\repository\jakarta\persistence\jakarta.persistence-api\3.1.0\jakarta.persistence-api-3.1.0.jar;C:\Users\chino\.m2\repository\jakarta\transaction\jakarta.transaction-api\2.0.1\jakarta.transaction-api-2.0.1.jar;C:\Users\chino\.m2\repository\org\jboss\logging\jboss-logging\3.5.0.Final\jboss-logging-3.5.0.Final.jar;C:\Users\chino\.m2\repository\org\hibernate\common\hibernate-commons-annotations\6.0.6.Final\hibernate-commons-annotations-6.0.6.Final.jar;C:\Users\chino\.m2\repository\org\jboss\jandex\2.4.2.Final\jandex-2.4.2.Final.jar;C:\Users\chino\.m2\repository\com\fasterxml\classmate\1.5.1\classmate-1.5.1.jar;C:\Users\chino\.m2\repository\net\bytebuddy\byte-buddy\1.12.23\byte-buddy-1.12.23.jar;C:\Users\chino\.m2\repository\org\glassfish\jaxb\jaxb-runtime\4.0.2\jaxb-runtime-4.0.2.jar;C:\Users\chino\.m2\repository\org\glassfish\jaxb\jaxb-core\4.0.2\jaxb-core-4.0.2.jar;C:\Users\chino\.m2\repository\org\eclipse\angus\angus-activation\2.0.0\angus-activation-2.0.0.jar;C:\Users\chino\.m2\repository\org\glassfish\jaxb\txw2\4.0.2\txw2-4.0.2.jar;C:\Users\chino\.m2\repository\com\sun\istack\istack-commons-runtime\4.1.1\istack-commons-runtime-4.1.1.jar;C:\Users\chino\.m2\re
Launcher Type: SUN_STANDARD

[Global flags]
     intx CICompilerCount                          = 3                                         {product} {ergonomic}
     uint ConcGCThreads                            = 1                                         {product} {ergonomic}
     uint G1ConcRefinementThreads                  = 4                                         {product} {ergonomic}
   size_t G1HeapRegionSize                         = 2097152                                   {product} {ergonomic}
    uintx GCDrainStackTargetSize                   = 64                                        {product} {ergonomic}
   size_t InitialHeapSize                          = 199229440                                 {product} {ergonomic}
   size_t MarkStackSize                            = 4194304                                   {product} {ergonomic}
   size_t MaxHeapSize                              = 3177185280                                {product} {ergonomic}
   size_t MaxNewSize                               = 1906311168                                {product} {ergonomic}
   size_t MinHeapDeltaBytes                        = 2097152                                   {product} {ergonomic}
   size_t MinHeapSize                              = 8388608                                   {product} {ergonomic}
    uintx NonNMethodCodeHeapSize                   = 5832780                                {pd product} {ergonomic}
    uintx NonProfiledCodeHeapSize                  = 122912730                              {pd product} {ergonomic}
    uintx ProfiledCodeHeapSize                     = 122912730                              {pd product} {ergonomic}
    uintx ReservedCodeCacheSize                    = 251658240                              {pd product} {ergonomic}
     bool SegmentedCodeCache                       = true                                      {product} {ergonomic}
   size_t SoftMaxHeapSize                          = 3177185280                             {manageable} {ergonomic}
     bool UseCompressedClassPointers               = true                           {product lp64_product} {ergonomic}
     bool UseCompressedOops                        = true                           {product lp64_product} {ergonomic}
     bool UseG1GC                                  = true                                      {product} {ergonomic}
     bool UseLargePagesIndividualAllocation        = false                                  {pd product} {ergonomic}

Logging:
Log output configuration:
 #0: stdout all=warning uptime,level,tags
 #1: stderr all=off uptime,level,tags

Environment Variables:
PATH=C:\Program Files\OpenJDK\jdk-11.0.18.10-hotspot\bin;C:\Python311\Scripts\;C:\Python311\;C:\Windows\system32;C:\Windows;C:\Windows\System32\Wbem;C:\Windows\System32\WindowsPowerShell\v1.0\;C:\Windows\System32\OpenSSH\;C:\Program Files\Common Files\Autodesk Shared\;C:\Program Files\Microsoft SQL Server\Client SDK\ODBC\170\Tools\Binn\;C:\Program Files (x86)\Microsoft SQL Server\160\Tools\Binn\;C:\Program Files\Microsoft SQL Server\160\Tools\Binn\;C:\Program Files\Microsoft SQL Server\160\DTS\Binn\;C:\ProgramData\chocolatey\bin;C:\Program Files\nodejs\;C:\Program Files\OpenSSL-Win64\bin;C:\Program Files\MongoDB\Server\6.0\bin;C:\Program Files\MongoDB\Tools\100\bin;D:\Git\cmd;C:\Program Files\MySQL\MySQL Shell 8.0\bin\;C:\Users\chino\AppData\Local\Microsoft\WindowsApps;C:\Program Files\Azure Data Studio\bin;C:\Users\chino\AppData\Roaming\npm;C:\Users\chino\AppData\Local\Programs\Microsoft VS Code\bin;D:\memoire_dhibnaouress\latex\latex2e;C:\Program Files\MongoDB\Server\6.0\bin;C:\mongosh-1.8.0;C:\Program Files\Git\bin;;D:\IntelliJ IDEA Community Edition 2022.3.2\bin;
USERNAME=Naouress Dhib
OS=Windows_NT
PROCESSOR_IDENTIFIER=Intel64 Family 6 Model 78 Stepping 3, GenuineIntel
TMP=C:\Users\chino\AppData\Local\Temp
TEMP=C:\Users\chino\AppData\Local\Temp



---------------  S Y S T E M  ---------------

OS:
 Windows 10 , 64 bit Build 19041 (10.0.19041.2913)
OS uptime: 1 days 7:54 hours
Hyper-V role detected

CPU: total 4 (initial active 4) (2 cores per cpu, 2 threads per core) family 6 model 78 stepping 3 microcode 0xcc, cx8, cmov, fxsr, ht, mmx, 3dnowpref, sse, sse2, sse3, ssse3, sse4.1, sse4.2, popcnt, lzcnt, tsc, tscinvbit, avx, avx2, aes, erms, clmul, bmi1, bmi2, adx, fma, vzeroupper, clflush, clflushopt, hv

Memory: 4k page, system-wide physical 12118M (2946M free)
TotalPageFile size 21334M (AvailPageFile size 9679M)
current process WorkingSet (physical memory assigned to process): 273M, peak: 290M
current process commit charge ("private bytes"): 315M, peak: 340M

vm_info: OpenJDK 64-Bit Server VM (17.0.7+7-LTS) for windows-amd64 JRE (17.0.7+7-LTS), built on Apr 14 2023 01:39:21 by "Administrator" with MS VC++ 15.9 (VS2017)

END.
