#
# A fatal error has been detected by the Java Runtime Environment:
#
#  EXCEPTION_IN_PAGE_ERROR (0xc0000006) at pc=0x00007fffcf639465, pid=4824, tid=8572
#
# JRE version: OpenJDK Runtime Environment Corretto-17.0.7.7.1 (17.0.7+7) (build 17.0.7+7-LTS)
# Java VM: OpenJDK 64-Bit Server VM Corretto-17.0.7.7.1 (17.0.7+7-LTS, mixed mode, sharing, tiered, compressed oops, compressed class ptrs, g1 gc, windows-amd64)
# Problematic frame:
# V  [jvm.dll+0x359465]
#
# No core dump will be written. Minidumps are not enabled by default on client versions of Windows
#
# If you would like to submit a bug report, please visit:
#   https://github.com/corretto/corretto-17/issues/
#

---------------  S U M M A R Y ------------

Command Line: -javaagent:D:\IntelliJ IDEA Community Edition 2022.3.2\lib\idea_rt.jar=57418:D:\IntelliJ IDEA Community Edition 2022.3.2\bin -Dfile.encoding=UTF-8 com.projet.backend.ProjetBackendApplication

Host: Intel(R) Core(TM) i7-6500U CPU @ 2.50GHz, 4 cores, 11G,  Windows 10 , 64 bit Build 19041 (10.0.19041.2913)
Time: Mon May 29 00:02:38 2023 Afr. centrale Ouest elapsed time: 1200.447040 seconds (0d 0h 20m 0s)

---------------  T H R E A D  ---------------

Current thread (0x000001d07c1d85f0):  GCTaskThread "GC Thread#1" [stack: 0x0000002d28600000,0x0000002d28700000] [id=8572]

Stack: [0x0000002d28600000,0x0000002d28700000],  sp=0x0000002d286ffa50,  free space=1022k
Native frames: (J=compiled Java code, j=interpreted, Vv=VM code, C=native code)
V  [jvm.dll+0x359465]
V  [jvm.dll+0x655e87]
V  [jvm.dll+0x2f8522]
V  [jvm.dll+0x82d2eb]
V  [jvm.dll+0x82d336]
V  [jvm.dll+0x7b237a]
V  [jvm.dll+0x64a3a5]
C  [ucrtbase.dll+0x21bb2]
C  [KERNEL32.DLL+0x17614]
C  [ntdll.dll+0x526a1]


siginfo: EXCEPTION_IN_PAGE_ERROR (0xc0000006), reading address 0x0000000800295360

Error accessing class data sharing archive. Mapped file inaccessible during execution, possible disk/network problem.
Register to memory mapping:

RIP=0x00007fffcf639465 jvm.dll
RAX=0x0000000800295350 is pointing into metadata
RBX=0x0000002d277fe848 points into unknown readable memory: 0x0000002d00000001 | 01 00 00 00 2d 00 00 00
RCX=0x0000000800293300 is a pointer to class: 
java.time.Period {0x0000000800293308}
 - instance size:     3
 - klass size:        87
 - access:            public final synchronized 
 - state:             loaded
 - name:              'java/time/Period'
 - super:             'java/lang/Object'
 - sub:               
 - arrays:            NULL
 - methods:           Array<T>(0x00000008008bfb60)
 - method ordering:   Array<T>(0x00000008008c1618)
 - default_methods:   Array<T>(0x0000000000000000)
 - local interfaces:  Array<T>(0x00000008008c1600)
 - trans. interfaces: Array<T>(0x00000008008bdd00)
 - constants:         constant pool [446] {0x00000008008bebc0} for 'java/time/Period' cache=0x0000000800294850
 - class loader data:  loader data: 0x000001d076c291b0 of 'bootstrap'
 - source file:       'Period.java'
 - class annotations:       Array<T>(0x00000008008bfb50)
 - class type annotations:  Array<T>(0x0000000000000000)
 - field annotations:       Array<T>(0x0000000000000000)
 - field type annotations:  Array<T>(0x0000000000000000)
 - inner classes:     Array<T>(0x00000008005cf8e0)
 - nest members:     Array<T>(0x00000008005cf8e0)
 - permitted subclasses:     Array<T>(0x00000008005cf8e0)
 - java mirror:       a 'java/lang/Class'{0x0000000742c38b70} = 'java/time/Period'
 - vtable length      5  (start addr: 0x00000008002934c8)
 - itable length      25 (start addr: 0x00000008002934f0)
 - ---- static fields (3 words):
 - public static final 'ZERO' 'Ljava/time/Period;' @112 
 - private static final 'serialVersionUID' 'J' @128 
 - private static final 'PATTERN' 'Ljava/util/regex/Pattern;' @116 
 - private static final 'SUPPORTED_UNITS' 'Ljava/util/List;' @120 
 - ---- non-static fields (3 words):
 - private final 'years' 'I' @12 
 - private final 'months' 'I' @16 
 - private final 'days' 'I' @20 
 - non-static oop maps: 
RDX=0x0000000800293978 is a pointer to class: 
java.time.chrono.ChronoPeriod {0x0000000800293980}
 - instance size:     2
 - klass size:        63
 - access:            public interface abstract 
 - state:             loaded
 - name:              'java/time/chrono/ChronoPeriod'
 - super:             'java/lang/Object'
 - sub:               
 - nof implementors:  1
 - implementor:    
   'java/time/Period'
 - arrays:            NULL
 - methods:           Array<T>(0x00000008008bea48)
 - method ordering:   Array<T>(0x00000008008bead0)
 - default_methods:   Array<T>(0x0000000000000000)
 - local interfaces:  Array<T>(0x00000008008bde28)
 - trans. interfaces: Array<T>(0x00000008008bde28)
 - constants:         constant pool [87] {0x00000008008be750} for 'java/time/chrono/ChronoPeriod' cache=0x0000000800294048
 - class loader data:  loader data: 0x000001d076c291b0 of 'bootstrap'
 - source file:       'ChronoPeriod.java'
 - class annotations:       Array<T>(0x0000000000000000)
 - class type annotations:  Array<T>(0x0000000000000000)
 - field annotations:       Array<T>(0x0000000000000000)
 - field type annotations:  Array<T>(0x0000000000000000)
 - inner classes:     Array<T>(0x00000008005cf8e0)
 - nest members:     Array<T>(0x00000008005cf8e0)
 - permitted subclasses:     Array<T>(0x00000008005cf8e0)
 - java mirror:       a 'java/lang/Class'{0x0000000742c5cbb0} = 'java/time/chrono/ChronoPeriod'
 - vtable length      5  (start addr: 0x0000000800293b40)
 - itable length      0 (start addr: 0x0000000800293b68)
 - ---- static fields (0 words):
 - ---- non-static fields (0 words):
 - non-static oop maps: 
RSP=0x0000002d286ffa50 points into unknown readable memory: 0x00000000000003d8 | d8 03 00 00 00 00 00 00
RBP=0x0 is NULL
RSI=0x0000000800293300 is a pointer to class: 
java.time.Period {0x0000000800293308}
 - instance size:     3
 - klass size:        87
 - access:            public final synchronized 
 - state:             loaded
 - name:              'java/time/Period'
 - super:             'java/lang/Object'
 - sub:               
 - arrays:            NULL
 - methods:           Array<T>(0x00000008008bfb60)
 - method ordering:   Array<T>(0x00000008008c1618)
 - default_methods:   Array<T>(0x0000000000000000)
 - local interfaces:  Array<T>(0x00000008008c1600)
 - trans. interfaces: Array<T>(0x00000008008bdd00)
 - constants:         constant pool [446] {0x00000008008bebc0} for 'java/time/Period' cache=0x0000000800294850
 - class loader data:  loader data: 0x000001d076c291b0 of 'bootstrap'
 - source file:       'Period.java'
 - class annotations:       Array<T>(0x00000008008bfb50)
 - class type annotations:  Array<T>(0x0000000000000000)
 - field annotations:       Array<T>(0x0000000000000000)
 - field type annotations:  Array<T>(0x0000000000000000)
 - inner classes:     Array<T>(0x00000008005cf8e0)
 - nest members:     Array<T>(0x00000008005cf8e0)
 - permitted subclasses:     Array<T>(0x00000008005cf8e0)
 - java mirror:       a 'java/lang/Class'{0x0000000742c38b70} = 'java/time/Period'
 - vtable length      5  (start addr: 0x00000008002934c8)
 - itable length      25 (start addr: 0x00000008002934f0)
 - ---- static fields (3 words):
 - public static final 'ZERO' 'Ljava/time/Period;' @112 
 - private static final 'serialVersionUID' 'J' @128 
 - private static final 'PATTERN' 'Ljava/util/regex/Pattern;' @116 
 - private static final 'SUPPORTED_UNITS' 'Ljava/util/List;' @120 
 - ---- non-static fields (3 words):
 - private final 'years' 'I' @12 
 - private final 'months' 'I' @16 
 - private final 'days' 'I' @20 
 - non-static oop maps: 
RDI=0x000001d07b453fd0 points into unknown readable memory: 0x0000000000000002 | 02 00 00 00 00 00 00 00
R8 =0x0000000800293300 is a pointer to class: 
java.time.Period {0x0000000800293308}
 - instance size:     3
 - klass size:        87
 - access:            public final synchronized 
 - state:             loaded
 - name:              'java/time/Period'
 - super:             'java/lang/Object'
 - sub:               
 - arrays:            NULL
 - methods:           Array<T>(0x00000008008bfb60)
 - method ordering:   Array<T>(0x00000008008c1618)
 - default_methods:   Array<T>(0x0000000000000000)
 - local interfaces:  Array<T>(0x00000008008c1600)
 - trans. interfaces: Array<T>(0x00000008008bdd00)
 - constants:         constant pool [446] {0x00000008008bebc0} for 'java/time/Period' cache=0x0000000800294850
 - class loader data:  loader data: 0x000001d076c291b0 of 'bootstrap'
 - source file:       'Period.java'
 - class annotations:       Array<T>(0x00000008008bfb50)
 - class type annotations:  Array<T>(0x0000000000000000)
 - field annotations:       Array<T>(0x0000000000000000)
 - field type annotations:  Array<T>(0x0000000000000000)
 - inner classes:     Array<T>(0x00000008005cf8e0)
 - nest members:     Array<T>(0x00000008005cf8e0)
 - permitted subclasses:     Array<T>(0x00000008005cf8e0)
 - java mirror:       a 'java/lang/Class'{0x0000000742c38b70} = 'java/time/Period'
 - vtable length      5  (start addr: 0x00000008002934c8)
 - itable length      25 (start addr: 0x00000008002934f0)
 - ---- static fields (3 words):
 - public static final 'ZERO' 'Ljava/time/Period;' @112 
 - private static final 'serialVersionUID' 'J' @128 
 - private static final 'PATTERN' 'Ljava/util/regex/Pattern;' @116 
 - private static final 'SUPPORTED_UNITS' 'Ljava/util/List;' @120 
 - ---- non-static fields (3 words):
 - private final 'years' 'I' @12 
 - private final 'months' 'I' @16 
 - private final 'days' 'I' @20 
 - non-static oop maps: 
R9 =0x0000000000000038 is an unknown value
R10=0x0 is NULL
R11=0x0000000000000246 is an unknown value
R12=0x0 is NULL
R13=0x0 is NULL
R14=0x0 is NULL
R15=0x00000000000003d8 is an unknown value


Registers:
RAX=0x0000000800295350, RBX=0x0000002d277fe848, RCX=0x0000000800293300, RDX=0x0000000800293978
RSP=0x0000002d286ffa50, RBP=0x0000000000000000, RSI=0x0000000800293300, RDI=0x000001d07b453fd0
R8 =0x0000000800293300, R9 =0x0000000000000038, R10=0x0000000000000000, R11=0x0000000000000246
R12=0x0000000000000000, R13=0x0000000000000000, R14=0x0000000000000000, R15=0x00000000000003d8
RIP=0x00007fffcf639465, EFLAGS=0x0000000000010202

Top of Stack: (sp=0x0000002d286ffa50)
0x0000002d286ffa50:   00000000000003d8 0000000000000000
0x0000002d286ffa60:   0000000801060c08 0000000000000098
0x0000002d286ffa70:   000001d076d7b3a8 0000000000000000
0x0000002d286ffa80:   000001d07b453fd0 000001d076d7afc0
0x0000002d286ffa90:   000001d076d7afd0 00007fffcf935e87
0x0000002d286ffaa0:   0000c0a934277a06 0000000000000001
0x0000002d286ffab0:   0000000000000000 0000002d277fe848
0x0000002d286ffac0:   0000000000000000 000001d07c1d85f0
0x0000002d286ffad0:   0000000000000001 00007fffcf5d8522
0x0000002d286ffae0:   0000000000000000 0000002d277fe7f0
0x0000002d286ffaf0:   0000000000000000 000001d07c1d85f0
0x0000002d286ffb00:   0000002d277fe7f0 00007fffcfb0d2eb
0x0000002d286ffb10:   0000000000000003 0000000000000002
0x0000002d286ffb20:   0000000000000000 0000000000000180
0x0000002d286ffb30:   00000000000075a3 00007fffcfb0d336
0x0000002d286ffb40:   000001d07c1d85f0 0000002dffffffff 

Instructions: (pc=0x00007fffcf639465)
0x00007fffcf639365:   00 00 e8 24 ee ff ff 48 8b 18 48 85 db 0f 84 d6
0x00007fffcf639375:   00 00 00 0f 1f 84 00 00 00 00 00 48 8b 8b 98 00
0x00007fffcf639385:   00 00 e8 04 f4 e8 ff 84 c0 0f 85 ba 00 00 00 48
0x00007fffcf639395:   8b ce e8 f4 ed ff ff 48 8b c8 48 8b c3 f0 4c 0f
0x00007fffcf6393a5:   b1 29 74 15 48 8b ce e8 df ed ff ff 48 8b 18 48
0x00007fffcf6393b5:   85 db 75 c7 e9 90 00 00 00 4c 39 2d 1b 8f 7e 00
0x00007fffcf6393c5:   0f 84 83 00 00 00 8b 15 2b 76 82 00 65 48 8b 04
0x00007fffcf6393d5:   25 58 00 00 00 b9 20 00 00 00 4c 89 64 24 58 4c
0x00007fffcf6393e5:   89 7c 24 60 48 8b 04 d0 48 8b 14 08 48 8b cb 48
0x00007fffcf6393f5:   8b ba 30 02 00 00 48 8b 6f 10 4c 8b 77 18 4c 8b
0x00007fffcf639405:   7f 20 4c 8b 67 28 e8 20 ee 1b 00 48 8b d0 48 8d
0x00007fffcf639415:   0d a6 1d 5d 00 e8 e1 d2 ff ff 4c 39 6d 00 74 13
0x00007fffcf639425:   49 8b d4 48 8b cf e8 00 48 d6 ff 48 8b cd e8 d8
0x00007fffcf639435:   47 d6 ff 4c 8b 64 24 58 4c 89 7f 20 4c 8b 7c 24
0x00007fffcf639445:   60 48 89 6f 10 4c 89 77 18 48 8b 86 90 01 00 00
0x00007fffcf639455:   41 8b ed 44 39 28 7e 5a 4d 8b f5 49 8b 44 06 08
0x00007fffcf639465:   48 8b 78 10 48 85 ff 74 38 8b 05 bc 24 80 00 83
0x00007fffcf639475:   f8 02 75 05 49 8b dd eb 11 48 8d 5f 18 48 85 db
0x00007fffcf639485:   74 08 48 8b cb e8 b1 38 2c 00 33 d2 48 8b cf e8
0x00007fffcf639495:   17 b2 2a 00 48 85 db 74 08 48 8b cb e8 6a 3a 2c
0x00007fffcf6394a5:   00 48 8b 86 90 01 00 00 ff c5 49 83 c6 08 3b 28
0x00007fffcf6394b5:   7c a9 48 8b 5c 24 68 48 83 c4 20 41 5e 41 5d 5f
0x00007fffcf6394c5:   5e 5d c3 cc cc cc cc cc cc cc cc 4c 8b dc 53 55
0x00007fffcf6394d5:   56 41 54 41 55 41 56 41 57 48 83 ec 60 33 ed 4d
0x00007fffcf6394e5:   89 43 b0 40 88 2a 49 8b f0 48 8b 81 e0 00 00 00
0x00007fffcf6394f5:   4c 8b ea 49 89 43 a8 4c 8b f1 48 85 c0 74 14 49
0x00007fffcf639505:   8b 88 40 02 00 00 49 8d 53 10 49 89 43 10 e8 28
0x00007fffcf639515:   19 cc ff 4d 8b a6 e8 00 00 00 4d 85 e4 74 21 41
0x00007fffcf639525:   8b 0c 24 8b c1 25 03 00 00 80 7d 07 ff c8 83 c8
0x00007fffcf639535:   fc ff c0 83 f8 02 44 8d 79 fe 44 0f 45 f9 eb 03
0x00007fffcf639545:   44 8b fd 48 89 bc 24 b0 00 00 00 8b dd 45 85 ff
0x00007fffcf639555:   0f 8e 8d 00 00 00 0f 1f 44 00 00 48 63 c3 41 0f 


Stack slot to memory mapping:
stack at sp + 0 slots: 0x00000000000003d8 is an unknown value
stack at sp + 1 slots: 0x0 is NULL
stack at sp + 2 slots: 0x0000000801060c08 is a pointer to class: 
java.util.concurrent.atomic.AtomicReference {0x0000000801060c10}
 - instance size:     2
 - klass size:        65
 - access:            public synchronized 
 - state:             fully_initialized
 - name:              'java/util/concurrent/atomic/AtomicReference'
 - super:             'java/lang/Object'
 - sub:               'com/fasterxml/jackson/databind/util/internal/PrivateMaxEntriesMap$Node'   'org/springframework/util/ConcurrentLruCache$Node'   
 - arrays:            NULL
 - methods:           Array<T>(0x000001d077171140)
 - method ordering:   Array<T>(0x00000008008f1970)
 - default_methods:   Array<T>(0x0000000000000000)
 - local interfaces:  Array<T>(0x000001d077171100)
 - trans. interfaces: Array<T>(0x000001d077171100)
 - constants:         constant pool [178] {0x000001d077170ad0} for 'java/util/concurrent/atomic/AtomicReference' cache=0x000001d077172738
 - class loader data:  loader data: 0x000001d076c291b0 of 'bootstrap'
 - source file:       'AtomicReference.java'
 - class annotations:       Array<T>(0x0000000000000000)
 - class type annotations:  Array<T>(0x0000000000000000)
 - field annotations:       Array<T>(0x0000000000000000)
 - field type annotations:  Array<T>(0x0000000000000000)
 - generic signature: '<V:Ljava/lang/Object;>Ljava/lang/Object;Ljava/io/Serializable;'
 - inner classes:     Array<T>(0x000001d077172720)
 - nest members:     Array<T>(0x00000008005cf8e0)
 - permitted subclasses:     Array<T>(0x00000008005cf8e0)
 - java mirror:       a 'java/lang/Class'{0x0000000742c5cd58} = 'java/util/concurrent/atomic/AtomicReference'
 - vtable length      5  (start addr: 0x0000000801060dd0)
 - itable length      2 (start addr: 0x0000000801060df8)
 - ---- static fields (2 words):
 - private static final 'serialVersionUID' 'J' @120 
 - private static final 'VALUE' 'Ljava/lang/invoke/VarHandle;' @112 
 - ---- non-static fields (1 words):
 - private volatile 'value' 'Ljava/lang/Object;' @12 
 - non-static oop maps: 12-12 
stack at sp + 3 slots: 0x0000000000000098 is an unknown value
stack at sp + 4 slots: 0x000001d076d7b3a8 points into unknown readable memory: 0x88000600fc1c1f33 | 33 1f 1c fc 00 06 00 88
stack at sp + 5 slots: 0x0 is NULL
stack at sp + 6 slots: 0x000001d07b453fd0 points into unknown readable memory: 0x0000000000000002 | 02 00 00 00 00 00 00 00
stack at sp + 7 slots: 0x000001d076d7afc0 points into unknown readable memory: 0x0000000000000000 | 00 00 00 00 00 00 00 00


---------------  P R O C E S S  ---------------

Threads class SMR info:
_java_thread_list=0x000001d07b2c4590, length=30, elements={
0x000001d076d5e210, 0x000001d076d5f930, 0x000001d076d72ae0, 0x000001d076d742b0,
0x000001d076d79130, 0x000001d076d796f0, 0x000001d076d7e0a0, 0x000001d076d895d0,
0x000001d076ddead0, 0x000001d07b09e890, 0x000001d07b1e0ba0, 0x000001d07d6ab900,
0x000001d07c502190, 0x000001d07c8d6390, 0x000001d07c8d6860, 0x000001d07c8d6d30,
0x000001d07c8d7200, 0x000001d07c8d5ec0, 0x000001d07c8d76d0, 0x000001d07c8d8070,
0x000001d0007b5500, 0x000001d0007b7b80, 0x000001d0007b5030, 0x000001d0007b6d10,
0x000001d0007b5ea0, 0x000001d0007b8050, 0x000001d0007b59d0, 0x000001d0007b71e0,
0x000001d07b3a5c30, 0x000001d07cfbb5d0
}

Java Threads: ( => current thread )
  0x000001d076d5e210 JavaThread "Reference Handler" daemon [_thread_blocked, id=13552, stack(0x0000002d27800000,0x0000002d27900000)]
  0x000001d076d5f930 JavaThread "Finalizer" daemon [_thread_blocked, id=14024, stack(0x0000002d27900000,0x0000002d27a00000)]
  0x000001d076d72ae0 JavaThread "Signal Dispatcher" daemon [_thread_blocked, id=13808, stack(0x0000002d27a00000,0x0000002d27b00000)]
  0x000001d076d742b0 JavaThread "Attach Listener" daemon [_thread_blocked, id=7208, stack(0x0000002d27b00000,0x0000002d27c00000)]
  0x000001d076d79130 JavaThread "Service Thread" daemon [_thread_blocked, id=9340, stack(0x0000002d27c00000,0x0000002d27d00000)]
  0x000001d076d796f0 JavaThread "Monitor Deflation Thread" daemon [_thread_blocked, id=12488, stack(0x0000002d27d00000,0x0000002d27e00000)]
  0x000001d076d7e0a0 JavaThread "C2 CompilerThread0" daemon [_thread_blocked, id=12592, stack(0x0000002d27e00000,0x0000002d27f00000)]
  0x000001d076d895d0 JavaThread "C1 CompilerThread0" daemon [_thread_blocked, id=8056, stack(0x0000002d27f00000,0x0000002d28000000)]
  0x000001d076ddead0 JavaThread "Sweeper thread" daemon [_thread_blocked, id=9188, stack(0x0000002d28000000,0x0000002d28100000)]
  0x000001d07b09e890 JavaThread "Common-Cleaner" daemon [_thread_blocked, id=12844, stack(0x0000002d28100000,0x0000002d28200000)]
  0x000001d07b1e0ba0 JavaThread "Notification Thread" daemon [_thread_blocked, id=1636, stack(0x0000002d28400000,0x0000002d28500000)]
  0x000001d07d6ab900 JavaThread "mysql-cj-abandoned-connection-cleanup" daemon [_thread_blocked, id=4936, stack(0x0000002d28c00000,0x0000002d28d00000)]
  0x000001d07c502190 JavaThread "HikariPool-1 housekeeper" daemon [_thread_blocked, id=1472, stack(0x0000002d28e00000,0x0000002d28f00000)]
  0x000001d07c8d6390 JavaThread "Catalina-utility-1" [_thread_blocked, id=12000, stack(0x0000002d29000000,0x0000002d29100000)]
  0x000001d07c8d6860 JavaThread "Catalina-utility-2" [_thread_blocked, id=14188, stack(0x0000002d29100000,0x0000002d29200000)]
  0x000001d07c8d6d30 JavaThread "container-0" [_thread_blocked, id=12560, stack(0x0000002d29200000,0x0000002d29300000)]
  0x000001d07c8d7200 JavaThread "Live Reload Server" daemon [_thread_in_native, id=12244, stack(0x0000002d29400000,0x0000002d29500000)]
  0x000001d07c8d5ec0 JavaThread "http-nio-8090-exec-1" daemon [_thread_blocked, id=10968, stack(0x0000002d29500000,0x0000002d29600000)]
  0x000001d07c8d76d0 JavaThread "http-nio-8090-exec-2" daemon [_thread_blocked, id=6784, stack(0x0000002d29600000,0x0000002d29700000)]
  0x000001d07c8d8070 JavaThread "http-nio-8090-exec-3" daemon [_thread_blocked, id=8488, stack(0x0000002d29700000,0x0000002d29800000)]
  0x000001d0007b5500 JavaThread "http-nio-8090-exec-4" daemon [_thread_blocked, id=14008, stack(0x0000002d29800000,0x0000002d29900000)]
  0x000001d0007b7b80 JavaThread "http-nio-8090-exec-5" daemon [_thread_blocked, id=1992, stack(0x0000002d29900000,0x0000002d29a00000)]
  0x000001d0007b5030 JavaThread "http-nio-8090-exec-6" daemon [_thread_blocked, id=10816, stack(0x0000002d29a00000,0x0000002d29b00000)]
  0x000001d0007b6d10 JavaThread "http-nio-8090-exec-7" daemon [_thread_blocked, id=10292, stack(0x0000002d29b00000,0x0000002d29c00000)]
  0x000001d0007b5ea0 JavaThread "http-nio-8090-exec-8" daemon [_thread_blocked, id=1152, stack(0x0000002d29c00000,0x0000002d29d00000)]
  0x000001d0007b8050 JavaThread "http-nio-8090-exec-9" daemon [_thread_blocked, id=8360, stack(0x0000002d29d00000,0x0000002d29e00000)]
  0x000001d0007b59d0 JavaThread "http-nio-8090-exec-10" daemon [_thread_blocked, id=4304, stack(0x0000002d29e00000,0x0000002d29f00000)]
  0x000001d0007b71e0 JavaThread "DestroyJavaVM" [_thread_blocked, id=5084, stack(0x0000002d27100000,0x0000002d27200000)]
  0x000001d07b3a5c30 JavaThread "Thread-5" [_thread_blocked, id=12688, stack(0x0000002d26e00000,0x0000002d26f00000)]
  0x000001d07cfbb5d0 JavaThread "C2 CompilerThread1" daemon [_thread_blocked, id=12032, stack(0x0000002d27000000,0x0000002d27100000)]

Other Threads:
  0x000001d076d5a5c0 VMThread "VM Thread" [stack: 0x0000002d27700000,0x0000002d27800000] [id=15224]
  0x000001d07b1e14f0 WatcherThread [stack: 0x0000002d28500000,0x0000002d28600000] [id=13828]
  0x000001d056d662e0 GCTaskThread "GC Thread#0" [stack: 0x0000002d27200000,0x0000002d27300000] [id=10508]
=>0x000001d07c1d85f0 GCTaskThread "GC Thread#1" [stack: 0x0000002d28600000,0x0000002d28700000] [id=8572]
  0x000001d07c1d88a0 GCTaskThread "GC Thread#2" [stack: 0x0000002d28700000,0x0000002d28800000] [id=12652]
  0x000001d07b764190 GCTaskThread "GC Thread#3" [stack: 0x0000002d28800000,0x0000002d28900000] [id=13544]
  0x000001d056d72f70 ConcurrentGCThread "G1 Main Marker" [stack: 0x0000002d27300000,0x0000002d27400000] [id=11696]
  0x000001d056d741c0 ConcurrentGCThread "G1 Conc#0" [stack: 0x0000002d27400000,0x0000002d27500000] [id=13476]
  0x000001d056dd5d60 ConcurrentGCThread "G1 Refine#0" [stack: 0x0000002d27500000,0x0000002d27600000] [id=14000]
  0x000001d07cf6a7d0 ConcurrentGCThread "G1 Refine#1" [stack: 0x0000002d28b00000,0x0000002d28c00000] [id=12316]
  0x000001d076c22400 ConcurrentGCThread "G1 Service" [stack: 0x0000002d27600000,0x0000002d27700000] [id=8172]

Threads with active compile tasks:
C2 CompilerThread0  1200583 8716       4       java.lang.invoke.MethodType::makeImpl (109 bytes)
C1 CompilerThread0  1200583 8748       3       java.lang.Class::searchFields (43 bytes)
C2 CompilerThread1  1200583 8723       4       java.util.IdentityHashMap::put (137 bytes)

VM state: at safepoint (normal execution)

VM Mutex/Monitor currently owned by a thread:  ([mutex/lock_event])
[0x000001d056d0af40] Threads_lock - owner thread: 0x000001d076d5a5c0
[0x000001d056d0afd0] Heap_lock - owner thread: 0x000001d07b3a5c30

Heap address: 0x0000000742a00000, size: 3030 MB, Compressed Oops mode: Zero based, Oop shift amount: 3

CDS archive(s) mapped at: [0x0000000800000000-0x0000000800bc0000-0x0000000800bc0000), size 12320768, SharedBaseAddress: 0x0000000800000000, ArchiveRelocationMode: 0.
Compressed class space mapped at: 0x0000000801000000-0x0000000841000000, reserved size: 1073741824
Narrow klass base: 0x0000000800000000, Narrow klass shift: 0, Narrow klass range: 0x100000000

GC Precious Log:
 CPUs: 4 total, 4 available
 Memory: 12118M
 Large Page Support: Disabled
 NUMA Support: Disabled
 Compressed Oops: Enabled (Zero based)
 Heap Region Size: 2M
 Heap Min Capacity: 8M
 Heap Initial Capacity: 190M
 Heap Max Capacity: 3030M
 Pre-touch: Disabled
 Parallel Workers: 4
 Concurrent Workers: 1
 Concurrent Refinement Workers: 4
 Periodic GC: Disabled

Heap:
 garbage-first heap   total 67584K, used 36566K [0x0000000742a00000, 0x0000000800000000)
  region size 2048K, 4 young (8192K), 1 survivors (2048K)
 Metaspace       used 71754K, committed 72320K, reserved 1114112K
  class space    used 9670K, committed 9920K, reserved 1048576K

Heap Regions: E=young(eden), S=young(survivor), O=old, HS=humongous(starts), HC=humongous(continues), CS=collection set, F=free, OA=open archive, CA=closed archive, TAMS=top-at-mark-start (previous, next)
|   0|0x0000000742a00000, 0x0000000742c00000, 0x0000000742c00000|100%| O|  |TAMS 0x0000000742c00000, 0x0000000742a00000| Untracked 
|   1|0x0000000742c00000, 0x0000000742e00000, 0x0000000742e00000|100%| O|  |TAMS 0x0000000742e00000, 0x0000000742c00000| Untracked 
|   2|0x0000000742e00000, 0x0000000743000000, 0x0000000743000000|100%| O|  |TAMS 0x0000000743000000, 0x0000000742e00000| Untracked 
|   3|0x0000000743000000, 0x0000000743200000, 0x0000000743200000|100%| O|  |TAMS 0x0000000743200000, 0x0000000743000000| Untracked 
|   4|0x0000000743200000, 0x0000000743400000, 0x0000000743400000|100%| O|  |TAMS 0x0000000743400000, 0x0000000743200000| Untracked 
|   5|0x0000000743400000, 0x0000000743600000, 0x0000000743600000|100%| O|  |TAMS 0x0000000743600000, 0x0000000743400000| Untracked 
|   6|0x0000000743600000, 0x0000000743800000, 0x0000000743800000|100%| O|  |TAMS 0x0000000743800000, 0x0000000743600000| Untracked 
|   7|0x0000000743800000, 0x0000000743a00000, 0x0000000743a00000|100%| O|  |TAMS 0x0000000743a00000, 0x0000000743800000| Untracked 
|   8|0x0000000743a00000, 0x0000000743c00000, 0x0000000743c00000|100%| O|  |TAMS 0x0000000743c00000, 0x0000000743a00000| Untracked 
|   9|0x0000000743c00000, 0x0000000743e00000, 0x0000000743e00000|100%| O|  |TAMS 0x0000000743e00000, 0x0000000743c00000| Untracked 
|  10|0x0000000743e00000, 0x0000000744000000, 0x0000000744000000|100%| O|  |TAMS 0x0000000744000000, 0x0000000743e00000| Untracked 
|  11|0x0000000744000000, 0x0000000744200000, 0x0000000744200000|100%| O|  |TAMS 0x0000000744200000, 0x0000000744000000| Untracked 
|  12|0x0000000744200000, 0x0000000744400000, 0x0000000744400000|100%| O|  |TAMS 0x0000000744400000, 0x0000000744200000| Untracked 
|  13|0x0000000744400000, 0x0000000744600000, 0x0000000744600000|100%| O|  |TAMS 0x0000000744600000, 0x0000000744400000| Untracked 
|  14|0x0000000744600000, 0x000000074464dc00, 0x0000000744800000| 15%| O|  |TAMS 0x000000074464dc00, 0x0000000744600000| Untracked 
|  15|0x0000000744800000, 0x0000000744800000, 0x0000000744a00000|  0%| F|  |TAMS 0x0000000744800000, 0x0000000744800000| Untracked 
|  16|0x0000000744a00000, 0x0000000744a00000, 0x0000000744c00000|  0%| F|  |TAMS 0x0000000744a00000, 0x0000000744a00000| Untracked 
|  17|0x0000000744c00000, 0x0000000744c00000, 0x0000000744e00000|  0%| F|  |TAMS 0x0000000744c00000, 0x0000000744c00000| Untracked 
|  18|0x0000000744e00000, 0x0000000744e00000, 0x0000000745000000|  0%| F|  |TAMS 0x0000000744e00000, 0x0000000744e00000| Untracked 
|  19|0x0000000745000000, 0x0000000745000000, 0x0000000745200000|  0%| F|  |TAMS 0x0000000745000000, 0x0000000745000000| Untracked 
|  20|0x0000000745200000, 0x0000000745200000, 0x0000000745400000|  0%| F|  |TAMS 0x0000000745200000, 0x0000000745200000| Untracked 
|  21|0x0000000745400000, 0x00000007455fd740, 0x0000000745600000| 99%| S|  |TAMS 0x0000000745400000, 0x0000000745400000| Complete 
|  22|0x0000000745600000, 0x0000000745600000, 0x0000000745800000|  0%| F|  |TAMS 0x0000000745600000, 0x0000000745600000| Untracked 
|  23|0x0000000745800000, 0x0000000745800000, 0x0000000745a00000|  0%| F|  |TAMS 0x0000000745800000, 0x0000000745800000| Untracked 
|  24|0x0000000745a00000, 0x0000000745a00000, 0x0000000745c00000|  0%| F|  |TAMS 0x0000000745a00000, 0x0000000745a00000| Untracked 
|  25|0x0000000745c00000, 0x0000000745c00000, 0x0000000745e00000|  0%| F|  |TAMS 0x0000000745c00000, 0x0000000745c00000| Untracked 
|  26|0x0000000745e00000, 0x0000000745e00000, 0x0000000746000000|  0%| F|  |TAMS 0x0000000745e00000, 0x0000000745e00000| Untracked 
|  27|0x0000000746000000, 0x0000000746000000, 0x0000000746200000|  0%| F|  |TAMS 0x0000000746000000, 0x0000000746000000| Untracked 
|  85|0x000000074d400000, 0x000000074d400000, 0x000000074d600000|  0%| F|  |TAMS 0x000000074d400000, 0x000000074d400000| Untracked 
|  86|0x000000074d600000, 0x000000074d600000, 0x000000074d800000|  0%| F|  |TAMS 0x000000074d600000, 0x000000074d600000| Untracked 
|  87|0x000000074d800000, 0x000000074d96a7f0, 0x000000074da00000| 70%| E|  |TAMS 0x000000074d800000, 0x000000074d800000| Complete 
|  88|0x000000074da00000, 0x000000074dc00000, 0x000000074dc00000|100%| E|  |TAMS 0x000000074da00000, 0x000000074da00000| Complete 
|  94|0x000000074e600000, 0x000000074e800000, 0x000000074e800000|100%| E|  |TAMS 0x000000074e600000, 0x000000074e600000| Complete 

Card table byte_map: [0x000001d06de10000,0x000001d06e400000] _byte_map_base: 0x000001d06a3fb000

Marking Bits (Prev, Next): (CMBitMap*) 0x000001d056d668f0, (CMBitMap*) 0x000001d056d66930
 Prev Bits: [0x000001d06e9f0000, 0x000001d071948000)
 Next Bits: [0x000001d071950000, 0x000001d0748a8000)

Polling page: 0x000001d0564e0000

Metaspace:

Usage:
  Non-class:     60.63 MB used.
      Class:      9.44 MB used.
       Both:     70.07 MB used.

Virtual space:
  Non-class space:       64.00 MB reserved,      60.94 MB ( 95%) committed,  1 nodes.
      Class space:        1.00 GB reserved,       9.69 MB ( <1%) committed,  1 nodes.
             Both:        1.06 GB reserved,      70.63 MB (  6%) committed. 

Chunk freelists:
   Non-Class:  2.73 MB
       Class:  6.33 MB
        Both:  9.06 MB

MaxMetaspaceSize: unlimited
CompressedClassSpaceSize: 1.00 GB
Initial GC threshold: 21.00 MB
Current GC threshold: 117.50 MB
CDS: on
MetaspaceReclaimPolicy: balanced
 - commit_granule_bytes: 65536.
 - commit_granule_words: 8192.
 - virtual_space_node_default_size: 8388608.
 - enlarge_chunks_in_place: 1.
 - new_chunks_are_fully_committed: 0.
 - uncommit_free_chunks: 1.
 - use_allocation_guard: 0.
 - handle_deallocations: 1.


Internal statistics:

num_allocs_failed_limit: 12.
num_arena_births: 792.
num_arena_deaths: 0.
num_vsnodes_births: 2.
num_vsnodes_deaths: 0.
num_space_committed: 1130.
num_space_uncommitted: 0.
num_chunks_returned_to_freelist: 12.
num_chunks_taken_from_freelist: 3334.
num_chunk_merges: 12.
num_chunk_splits: 2405.
num_chunks_enlarged: 1866.
num_inconsistent_stats: 0.

CodeHeap 'non-profiled nmethods': size=120000Kb used=4900Kb max_used=4900Kb free=115099Kb
 bounds [0x000001d0662f0000, 0x000001d0667c0000, 0x000001d06d820000]
CodeHeap 'profiled nmethods': size=120000Kb used=15069Kb max_used=15069Kb free=104930Kb
 bounds [0x000001d05e820000, 0x000001d05f6e0000, 0x000001d065d50000]
CodeHeap 'non-nmethods': size=5760Kb used=1367Kb max_used=1440Kb free=4392Kb
 bounds [0x000001d065d50000, 0x000001d065fc0000, 0x000001d0662f0000]
 total_blobs=8584 nmethods=7883 adapters=611
 compilation: enabled
              stopped_count=0, restarted_count=0
 full_count=0

Compilation events (20 events):
Event: 1200.385 Thread 0x000001d076d895d0 nmethod 8735 0x000001d05f6d2a10 code [0x000001d05f6d2be0, 0x000001d05f6d2ed8]
Event: 1200.385 Thread 0x000001d076d895d0 8740       3       java.lang.invoke.LambdaFormEditor::getInCache (165 bytes)
Event: 1200.386 Thread 0x000001d076d895d0 nmethod 8740 0x000001d05f6d3010 code [0x000001d05f6d3280, 0x000001d05f6d4218]
Event: 1200.386 Thread 0x000001d076d895d0 8739       1       org.hibernate.service.spi.ServiceBinding::getService (5 bytes)
Event: 1200.386 Thread 0x000001d076d895d0 nmethod 8739 0x000001d0667b8a90 code [0x000001d0667b8c20, 0x000001d0667b8cf8]
Event: 1200.386 Thread 0x000001d07cfbb5d0 nmethod 8719 0x000001d0667b8d90 code [0x000001d0667b8f20, 0x000001d0667b90b8]
Event: 1200.387 Thread 0x000001d07cfbb5d0 8723       4       java.util.IdentityHashMap::put (137 bytes)
Event: 1200.388 Thread 0x000001d076d895d0 8742       3       java.lang.invoke.VarHandleInts$FieldInstanceReadWrite::getAndSet (28 bytes)
Event: 1200.389 Thread 0x000001d076d895d0 nmethod 8742 0x000001d05f6d4590 code [0x000001d05f6d4780, 0x000001d05f6d4d28]
Event: 1200.389 Thread 0x000001d076d895d0 8743       3       ch.qos.logback.core.pattern.DynamicConverter::getFirstOption (35 bytes)
Event: 1200.389 Thread 0x000001d076d895d0 nmethod 8743 0x000001d05f6d4f90 code [0x000001d05f6d5160, 0x000001d05f6d55b8]
Event: 1200.389 Thread 0x000001d076d895d0 8744       3       java.lang.invoke.LambdaForm::editor (5 bytes)
Event: 1200.390 Thread 0x000001d076d895d0 nmethod 8744 0x000001d05f6d5710 code [0x000001d05f6d58c0, 0x000001d05f6d5be8]
Event: 1200.390 Thread 0x000001d076d895d0 8745       3       java.lang.invoke.LambdaFormEditor::lambdaFormEditor (12 bytes)
Event: 1200.390 Thread 0x000001d076d895d0 nmethod 8745 0x000001d05f6d5d10 code [0x000001d05f6d5ec0, 0x000001d05f6d6168]
Event: 1200.390 Thread 0x000001d076d895d0 8746       3       java.lang.invoke.LambdaFormEditor::<init> (10 bytes)
Event: 1200.390 Thread 0x000001d076d895d0 nmethod 8746 0x000001d05f6d6290 code [0x000001d05f6d6420, 0x000001d05f6d65d8]
Event: 1200.390 Thread 0x000001d076d895d0 8747   !   3       java.util.concurrent.ConcurrentHashMap::clear (176 bytes)
Event: 1200.391 Thread 0x000001d076d895d0 nmethod 8747 0x000001d05f6d6690 code [0x000001d05f6d68c0, 0x000001d05f6d71e8]
Event: 1200.391 Thread 0x000001d076d895d0 8748       3       java.lang.Class::searchFields (43 bytes)

GC Heap History (20 events):
Event: 10.251 GC heap after
{Heap after GC invocations=15 (full 0):
 garbage-first heap   total 67584K, used 24119K [0x0000000742a00000, 0x0000000800000000)
  region size 2048K, 2 young (4096K), 2 survivors (4096K)
 Metaspace       used 57571K, committed 58112K, reserved 1114112K
  class space    used 7681K, committed 7936K, reserved 1048576K
}
Event: 10.487 GC heap before
{Heap before GC invocations=15 (full 0):
 garbage-first heap   total 67584K, used 32311K [0x0000000742a00000, 0x0000000800000000)
  region size 2048K, 8 young (16384K), 2 survivors (4096K)
 Metaspace       used 59607K, committed 60096K, reserved 1114112K
  class space    used 8068K, committed 8320K, reserved 1048576K
}
Event: 10.493 GC heap after
{Heap after GC invocations=16 (full 0):
 garbage-first heap   total 67584K, used 25239K [0x0000000742a00000, 0x0000000800000000)
  region size 2048K, 1 young (2048K), 1 survivors (2048K)
 Metaspace       used 59607K, committed 60096K, reserved 1114112K
  class space    used 8068K, committed 8320K, reserved 1048576K
}
Event: 10.826 GC heap before
{Heap before GC invocations=17 (full 0):
 garbage-first heap   total 67584K, used 49815K [0x0000000742a00000, 0x0000000800000000)
  region size 2048K, 14 young (28672K), 1 survivors (2048K)
 Metaspace       used 60442K, committed 60928K, reserved 1114112K
  class space    used 8264K, committed 8512K, reserved 1048576K
}
Event: 10.830 GC heap after
{Heap after GC invocations=18 (full 0):
 garbage-first heap   total 67584K, used 25743K [0x0000000742a00000, 0x0000000800000000)
  region size 2048K, 1 young (2048K), 1 survivors (2048K)
 Metaspace       used 60442K, committed 60928K, reserved 1114112K
  class space    used 8264K, committed 8512K, reserved 1048576K
}
Event: 11.329 GC heap before
{Heap before GC invocations=19 (full 0):
 garbage-first heap   total 67584K, used 52367K [0x0000000742a00000, 0x0000000800000000)
  region size 2048K, 14 young (28672K), 1 survivors (2048K)
 Metaspace       used 62140K, committed 62592K, reserved 1114112K
  class space    used 8515K, committed 8768K, reserved 1048576K
}
Event: 11.336 GC heap after
{Heap after GC invocations=20 (full 0):
 garbage-first heap   total 67584K, used 27101K [0x0000000742a00000, 0x0000000800000000)
  region size 2048K, 2 young (4096K), 2 survivors (4096K)
 Metaspace       used 62140K, committed 62592K, reserved 1114112K
  class space    used 8515K, committed 8768K, reserved 1048576K
}
Event: 12.065 GC heap before
{Heap before GC invocations=20 (full 0):
 garbage-first heap   total 67584K, used 51677K [0x0000000742a00000, 0x0000000800000000)
  region size 2048K, 14 young (28672K), 2 survivors (4096K)
 Metaspace       used 64895K, committed 65408K, reserved 1114112K
  class space    used 8885K, committed 9152K, reserved 1048576K
}
Event: 12.073 GC heap after
{Heap after GC invocations=21 (full 0):
 garbage-first heap   total 67584K, used 29411K [0x0000000742a00000, 0x0000000800000000)
  region size 2048K, 2 young (4096K), 2 survivors (4096K)
 Metaspace       used 64895K, committed 65408K, reserved 1114112K
  class space    used 8885K, committed 9152K, reserved 1048576K
}
Event: 44.989 GC heap before
{Heap before GC invocations=21 (full 0):
 garbage-first heap   total 67584K, used 51939K [0x0000000742a00000, 0x0000000800000000)
  region size 2048K, 13 young (26624K), 2 survivors (4096K)
 Metaspace       used 69453K, committed 69952K, reserved 1114112K
  class space    used 9496K, committed 9728K, reserved 1048576K
}
Event: 44.995 GC heap after
{Heap after GC invocations=22 (full 0):
 garbage-first heap   total 67584K, used 30589K [0x0000000742a00000, 0x0000000800000000)
  region size 2048K, 1 young (2048K), 1 survivors (2048K)
 Metaspace       used 69453K, committed 69952K, reserved 1114112K
  class space    used 9496K, committed 9728K, reserved 1048576K
}
Event: 302.342 GC heap before
{Heap before GC invocations=22 (full 0):
 garbage-first heap   total 67584K, used 51069K [0x0000000742a00000, 0x0000000800000000)
  region size 2048K, 11 young (22528K), 1 survivors (2048K)
 Metaspace       used 70709K, committed 71232K, reserved 1114112K
  class space    used 9632K, committed 9856K, reserved 1048576K
}
Event: 302.345 GC heap after
{Heap after GC invocations=23 (full 0):
 garbage-first heap   total 67584K, used 30907K [0x0000000742a00000, 0x0000000800000000)
  region size 2048K, 1 young (2048K), 1 survivors (2048K)
 Metaspace       used 70709K, committed 71232K, reserved 1114112K
  class space    used 9632K, committed 9856K, reserved 1048576K
}
Event: 488.110 GC heap before
{Heap before GC invocations=24 (full 0):
 garbage-first heap   total 67584K, used 49339K [0x0000000742a00000, 0x0000000800000000)
  region size 2048K, 11 young (22528K), 1 survivors (2048K)
 Metaspace       used 71265K, committed 71872K, reserved 1114112K
  class space    used 9646K, committed 9920K, reserved 1048576K
}
Event: 488.123 GC heap after
{Heap after GC invocations=25 (full 0):
 garbage-first heap   total 67584K, used 31006K [0x0000000742a00000, 0x0000000800000000)
  region size 2048K, 1 young (2048K), 1 survivors (2048K)
 Metaspace       used 71265K, committed 71872K, reserved 1114112K
  class space    used 9646K, committed 9920K, reserved 1048576K
}
Event: 690.084 GC heap before
{Heap before GC invocations=25 (full 0):
 garbage-first heap   total 67584K, used 53534K [0x0000000742a00000, 0x0000000800000000)
  region size 2048K, 12 young (24576K), 1 survivors (2048K)
 Metaspace       used 71579K, committed 72192K, reserved 1114112K
  class space    used 9650K, committed 9920K, reserved 1048576K
}
Event: 690.091 GC heap after
{Heap after GC invocations=26 (full 0):
 garbage-first heap   total 67584K, used 31020K [0x0000000742a00000, 0x0000000800000000)
  region size 2048K, 1 young (2048K), 1 survivors (2048K)
 Metaspace       used 71579K, committed 72192K, reserved 1114112K
  class space    used 9650K, committed 9920K, reserved 1048576K
}
Event: 1109.406 GC heap before
{Heap before GC invocations=27 (full 0):
 garbage-first heap   total 67584K, used 53548K [0x0000000742a00000, 0x0000000800000000)
  region size 2048K, 12 young (24576K), 1 survivors (2048K)
 Metaspace       used 71655K, committed 72256K, reserved 1114112K
  class space    used 9650K, committed 9920K, reserved 1048576K
}
Event: 1109.410 GC heap after
{Heap after GC invocations=28 (full 0):
 garbage-first heap   total 67584K, used 31020K [0x0000000742a00000, 0x0000000800000000)
  region size 2048K, 1 young (2048K), 1 survivors (2048K)
 Metaspace       used 71655K, committed 72256K, reserved 1114112K
  class space    used 9650K, committed 9920K, reserved 1048576K
}
Event: 1200.391 GC heap before
{Heap before GC invocations=28 (full 0):
 garbage-first heap   total 67584K, used 35116K [0x0000000742a00000, 0x0000000800000000)
  region size 2048K, 4 young (8192K), 1 survivors (2048K)
 Metaspace       used 71754K, committed 72320K, reserved 1114112K
  class space    used 9670K, committed 9920K, reserved 1048576K
}

Dll operation events (13 events):
Event: 0.012 Loaded shared library D:\.jdks\corretto-17.0.7\bin\java.dll
Event: 0.027 Loaded shared library D:\.jdks\corretto-17.0.7\bin\jsvml.dll
Event: 0.194 Loaded shared library D:\.jdks\corretto-17.0.7\bin\zip.dll
Event: 0.196 Loaded shared library D:\.jdks\corretto-17.0.7\bin\instrument.dll
Event: 0.204 Loaded shared library D:\.jdks\corretto-17.0.7\bin\net.dll
Event: 0.206 Loaded shared library D:\.jdks\corretto-17.0.7\bin\nio.dll
Event: 0.210 Loaded shared library D:\.jdks\corretto-17.0.7\bin\zip.dll
Event: 0.324 Loaded shared library D:\IntelliJ IDEA Community Edition 2022.3.2\bin\breakgen64.dll
Event: 0.392 Loaded shared library D:\.jdks\corretto-17.0.7\bin\jimage.dll
Event: 0.877 Loaded shared library D:\.jdks\corretto-17.0.7\bin\management.dll
Event: 0.880 Loaded shared library D:\.jdks\corretto-17.0.7\bin\management_ext.dll
Event: 1.820 Loaded shared library D:\.jdks\corretto-17.0.7\bin\verify.dll
Event: 5.478 Loaded shared library D:\.jdks\corretto-17.0.7\bin\sunmscapi.dll

Deoptimization events (20 events):
Event: 850.832 Thread 0x000001d07c8d5ec0 Uncommon trap: trap_request=0xffffffbe fr.pc=0x000001d0667ae508 relative=0x0000000000000ea8
Event: 850.832 Thread 0x000001d07c8d5ec0 Uncommon trap: reason=profile_predicate action=maybe_recompile pc=0x000001d0667ae508 method=org.springframework.web.servlet.handler.HandlerMappingIntrospector$AttributesPreservingRequest.initAttributes(Ljakarta/servlet/http/HttpServletRequest;)Ljava/util/
Event: 850.833 Thread 0x000001d07c8d5ec0 DEOPT PACKING pc=0x000001d0667ae508 sp=0x0000002d295fbe80
Event: 850.833 Thread 0x000001d07c8d5ec0 DEOPT UNPACKING pc=0x000001d065da69a3 sp=0x0000002d295fbe58 mode 2
Event: 883.724 Thread 0x000001d07b1e06d0 DEOPT PACKING pc=0x000001d05e87993c sp=0x0000002d283ff0a0
Event: 883.724 Thread 0x000001d07b1e06d0 DEOPT UNPACKING pc=0x000001d065da7143 sp=0x0000002d283fe5a0 mode 1
Event: 1199.924 Thread 0x000001d07c8d59f0 Uncommon trap: trap_request=0xffffff45 fr.pc=0x000001d066706bc0 relative=0x0000000000000d00
Event: 1199.924 Thread 0x000001d07c8d59f0 Uncommon trap: reason=unstable_if action=reinterpret pc=0x000001d066706bc0 method=java.util.AbstractCollection.containsAll(Ljava/util/Collection;)Z @ 28 c2
Event: 1199.924 Thread 0x000001d07c8d59f0 DEOPT PACKING pc=0x000001d066706bc0 sp=0x0000002d293fede0
Event: 1199.924 Thread 0x000001d07c8d59f0 DEOPT UNPACKING pc=0x000001d065da69a3 sp=0x0000002d293fedb0 mode 2
Event: 1200.335 Thread 0x000001d07c8d59f0 Uncommon trap: trap_request=0xffffff45 fr.pc=0x000001d0666eb540 relative=0x00000000000005e0
Event: 1200.335 Thread 0x000001d07c8d59f0 Uncommon trap: reason=unstable_if action=reinterpret pc=0x000001d0666eb540 method=org.springframework.boot.devtools.filewatch.FileSnapshot.equals(Ljava/lang/Object;)Z @ 93 c2
Event: 1200.335 Thread 0x000001d07c8d59f0 DEOPT PACKING pc=0x000001d0666eb540 sp=0x0000002d293fee90
Event: 1200.335 Thread 0x000001d07c8d59f0 DEOPT UNPACKING pc=0x000001d065da69a3 sp=0x0000002d293fee50 mode 2
Event: 1200.370 Thread 0x000001d07b3a5c30 Uncommon trap: trap_request=0xffffff45 fr.pc=0x000001d0664e54e0 relative=0x0000000000000060
Event: 1200.370 Thread 0x000001d07b3a5c30 Uncommon trap: reason=unstable_if action=reinterpret pc=0x000001d0664e54e0 method=java.util.concurrent.ConcurrentHashMap.sumCount()J @ 11 c2
Event: 1200.370 Thread 0x000001d07b3a5c30 DEOPT PACKING pc=0x000001d0664e54e0 sp=0x0000002d26efeb10
Event: 1200.370 Thread 0x000001d07b3a5c30 DEOPT UNPACKING pc=0x000001d065da69a3 sp=0x0000002d26efea70 mode 2
Event: 1200.390 Thread 0x000001d07b3a5c30 DEOPT PACKING pc=0x000001d05e940066 sp=0x0000002d26efef70
Event: 1200.390 Thread 0x000001d07b3a5c30 DEOPT UNPACKING pc=0x000001d065da7143 sp=0x0000002d26efe420 mode 0

Classes unloaded (0 events):
No events

Classes redefined (0 events):
No events

Internal exceptions (20 events):
Event: 1200.344 Thread 0x000001d07c8d59f0 Exception <a 'java/io/IOException'{0x000000074d8adf00}> (0x000000074d8adf00) 
thrown [s\src\hotspot\share\prims\jni.cpp, line 516]
Event: 1200.344 Thread 0x000001d07c8d59f0 Exception <a 'java/io/IOException'{0x000000074d8ae510}> (0x000000074d8ae510) 
thrown [s\src\hotspot\share\prims\jni.cpp, line 516]
Event: 1200.370 Thread 0x000001d07b3a5c30 Exception <a 'java/io/IOException'{0x000000074d8dc0e0}> (0x000000074d8dc0e0) 
thrown [s\src\hotspot\share\prims\jni.cpp, line 516]
Event: 1200.370 Thread 0x000001d07b3a5c30 Exception <a 'java/io/IOException'{0x000000074d8dc6f0}> (0x000000074d8dc6f0) 
thrown [s\src\hotspot\share\prims\jni.cpp, line 516]
Event: 1200.372 Thread 0x000001d07b3a5c30 Exception <a 'java/io/IOException'{0x000000074d8e7648}> (0x000000074d8e7648) 
thrown [s\src\hotspot\share\prims\jni.cpp, line 516]
Event: 1200.372 Thread 0x000001d07b3a5c30 Exception <a 'java/io/IOException'{0x000000074d8e7f00}> (0x000000074d8e7f00) 
thrown [s\src\hotspot\share\prims\jni.cpp, line 516]
Event: 1200.377 Thread 0x000001d07b3a5c30 Exception <a 'java/io/IOException'{0x000000074d8ffea0}> (0x000000074d8ffea0) 
thrown [s\src\hotspot\share\prims\jni.cpp, line 516]
Event: 1200.377 Thread 0x000001d07b3a5c30 Exception <a 'java/io/IOException'{0x000000074d900758}> (0x000000074d900758) 
thrown [s\src\hotspot\share\prims\jni.cpp, line 516]
Event: 1200.378 Thread 0x000001d07b3a5c30 Exception <a 'java/lang/ClassFormatError'{0x000000074d903080}: Incompatible magic value 1784772193 in class file java/util/concurrent/locks/AbstractQueuedSynchronizer$SharedNode> (0x000000074d903080) 
thrown [s\src\hotspot\share\classfile\classFileError.cpp, line 49]
Event: 1200.383 Thread 0x000001d07b3a5c30 Exception <a 'java/io/IOException'{0x000000074d9391d0}> (0x000000074d9391d0) 
thrown [s\src\hotspot\share\prims\jni.cpp, line 516]
Event: 1200.383 Thread 0x000001d07b3a5c30 Exception <a 'java/io/IOException'{0x000000074d939a48}> (0x000000074d939a48) 
thrown [s\src\hotspot\share\prims\jni.cpp, line 516]
Event: 1200.384 Thread 0x000001d07b3a5c30 Exception <a 'java/lang/ClassFormatError'{0x000000074d93df78}: Incompatible magic value 807065723 in class file java/util/AbstractMap$2> (0x000000074d93df78) 
thrown [s\src\hotspot\share\classfile\classFileError.cpp, line 49]
Event: 1200.384 Thread 0x000001d07b3a5c30 Exception <a 'java/lang/reflect/InvocationTargetException'{0x000000074d93e350}> (0x000000074d93e350) 
thrown [s\src\hotspot\share\runtime\reflection.cpp, line 1121]
Event: 1200.385 Thread 0x000001d07b3a5c30 Exception <a 'java/io/IOException'{0x000000074d941858}> (0x000000074d941858) 
thrown [s\src\hotspot\share\prims\jni.cpp, line 516]
Event: 1200.385 Thread 0x000001d07b3a5c30 Exception <a 'java/io/IOException'{0x000000074d941bc0}> (0x000000074d941bc0) 
thrown [s\src\hotspot\share\prims\jni.cpp, line 516]
Event: 1200.388 Thread 0x000001d07b3a5c30 Exception <a 'java/io/IOException'{0x000000074d95a550}> (0x000000074d95a550) 
thrown [s\src\hotspot\share\prims\jni.cpp, line 516]
Event: 1200.388 Thread 0x000001d07b3a5c30 Exception <a 'java/io/IOException'{0x000000074d95a8b8}> (0x000000074d95a8b8) 
thrown [s\src\hotspot\share\prims\jni.cpp, line 516]
Event: 1200.389 Thread 0x000001d07b3a5c30 Exception <a 'java/lang/ClassFormatError'{0x000000074d95d650}: Incompatible magic value 16777216 in class file jdk/internal/reflect/UnsafeQualifiedObjectFieldAccessorImpl> (0x000000074d95d650) 
thrown [s\src\hotspot\share\classfile\classFileError.cpp, line 49]
Event: 1200.390 Thread 0x000001d07b3a5c30 Exception <a 'java/io/IOException'{0x000000074d960308}> (0x000000074d960308) 
thrown [s\src\hotspot\share\prims\jni.cpp, line 516]
Event: 1200.390 Thread 0x000001d07b3a5c30 Exception <a 'java/io/IOException'{0x000000074d960670}> (0x000000074d960670) 
thrown [s\src\hotspot\share\prims\jni.cpp, line 516]

VM Operations (20 events):
Event: 690.172 Executing VM operation: G1Concurrent done
Event: 821.091 Executing VM operation: Cleanup
Event: 821.091 Executing VM operation: Cleanup done
Event: 851.286 Executing VM operation: Cleanup
Event: 851.286 Executing VM operation: Cleanup done
Event: 982.255 Executing VM operation: Cleanup
Event: 982.255 Executing VM operation: Cleanup done
Event: 1004.449 Executing VM operation: Cleanup
Event: 1004.449 Executing VM operation: Cleanup done
Event: 1005.457 Executing VM operation: Cleanup
Event: 1005.457 Executing VM operation: Cleanup done
Event: 1066.971 Executing VM operation: Cleanup
Event: 1066.971 Executing VM operation: Cleanup done
Event: 1109.405 Executing VM operation: G1CollectForAllocation
Event: 1109.410 Executing VM operation: G1CollectForAllocation done
Event: 1200.376 Executing VM operation: ThreadDump
Event: 1200.376 Executing VM operation: ThreadDump done
Event: 1200.376 Executing VM operation: ThreadDump
Event: 1200.377 Executing VM operation: ThreadDump done
Event: 1200.391 Executing VM operation: G1CollectFull

Events (20 events):
Event: 512.979 Thread 0x000001d07cfbb590 Thread added: 0x000001d07cfbb590
Event: 515.476 Thread 0x000001d07cfbb590 Thread exited: 0x000001d07cfbb590
Event: 883.723 loading class sun/net/ConnectionResetException
Event: 883.723 loading class sun/net/ConnectionResetException done
Event: 883.723 loading class sun/net/ConnectionResetException
Event: 883.724 loading class sun/net/ConnectionResetException done
Event: 883.724 loading class java/lang/Throwable$WrappedPrintStream
Event: 883.724 loading class java/lang/Throwable$WrappedPrintStream done
Event: 883.724 Thread 0x000001d07b1e06d0 Thread exited: 0x000001d07b1e06d0
Event: 1200.345 Thread 0x000001d07b3a5c30 Thread added: 0x000001d07b3a5c30
Event: 1200.345 Thread 0x000001d07c8d59f0 Thread exited: 0x000001d07c8d59f0
Event: 1200.370 Thread 0x000001d0007b8520 Thread exited: 0x000001d0007b8520
Event: 1200.378 loading class java/util/concurrent/locks/AbstractQueuedSynchronizer$SharedNode
Event: 1200.378 loading class java/util/concurrent/locks/AbstractQueuedSynchronizer$SharedNode done
Event: 1200.379 Thread 0x000001d0007b76b0 Thread exited: 0x000001d0007b76b0
Event: 1200.383 Thread 0x000001d07cfbb5d0 Thread added: 0x000001d07cfbb5d0
Event: 1200.384 loading class java/util/AbstractMap$2
Event: 1200.384 loading class java/util/AbstractMap$2 done
Event: 1200.389 loading class jdk/internal/reflect/UnsafeQualifiedObjectFieldAccessorImpl
Event: 1200.389 loading class jdk/internal/reflect/UnsafeQualifiedObjectFieldAccessorImpl done


Dynamic libraries:
0x00007ff7834a0000 - 0x00007ff7834ad000 	D:\.jdks\corretto-17.0.7\bin\java.exe
0x00007ff80c110000 - 0x00007ff80c308000 	C:\Windows\SYSTEM32\ntdll.dll
0x00007ff80a7d0000 - 0x00007ff80a88f000 	C:\Windows\System32\KERNEL32.DLL
0x00007ff809870000 - 0x00007ff809b66000 	C:\Windows\System32\KERNELBASE.dll
0x00007ff809db0000 - 0x00007ff809eb0000 	C:\Windows\System32\ucrtbase.dll
0x00007ffff9a40000 - 0x00007ffff9a57000 	D:\.jdks\corretto-17.0.7\bin\jli.dll
0x00007ffff9360000 - 0x00007ffff9375000 	D:\.jdks\corretto-17.0.7\bin\VCRUNTIME140.dll
0x00007ff80ac00000 - 0x00007ff80ad9d000 	C:\Windows\System32\USER32.dll
0x00007ff809840000 - 0x00007ff809862000 	C:\Windows\System32\win32u.dll
0x00007ff80b770000 - 0x00007ff80b79c000 	C:\Windows\System32\GDI32.dll
0x00007ffff68d0000 - 0x00007ffff6b6a000 	C:\Windows\WinSxS\amd64_microsoft.windows.common-controls_6595b64144ccf1df_6.0.19041.1110_none_60b5254171f9507e\COMCTL32.dll
0x00007ff809b70000 - 0x00007ff809c85000 	C:\Windows\System32\gdi32full.dll
0x00007ff80ada0000 - 0x00007ff80ae3e000 	C:\Windows\System32\msvcrt.dll
0x00007ff809ee0000 - 0x00007ff809f7d000 	C:\Windows\System32\msvcp_win.dll
0x00007ff80b7a0000 - 0x00007ff80b7d0000 	C:\Windows\System32\IMM32.DLL
0x00007fffda930000 - 0x00007fffda9cb000 	D:\.jdks\corretto-17.0.7\bin\msvcp140.dll
0x00007fffcf2e0000 - 0x00007fffcfefa000 	D:\.jdks\corretto-17.0.7\bin\server\jvm.dll
0x00007ff80aa10000 - 0x00007ff80aabf000 	C:\Windows\System32\ADVAPI32.dll
0x00007ff80b8b0000 - 0x00007ff80b94c000 	C:\Windows\System32\sechost.dll
0x00007ff80aef0000 - 0x00007ff80b016000 	C:\Windows\System32\RPCRT4.dll
0x00007ffffed10000 - 0x00007ffffed19000 	C:\Windows\SYSTEM32\WSOCK32.dll
0x00007ff80a400000 - 0x00007ff80a46b000 	C:\Windows\System32\WS2_32.dll
0x00007ff8031a0000 - 0x00007ff8031aa000 	C:\Windows\SYSTEM32\VERSION.dll
0x00007ffffebb0000 - 0x00007ffffebd7000 	C:\Windows\SYSTEM32\WINMM.dll
0x00007ff807670000 - 0x00007ff807682000 	C:\Windows\SYSTEM32\kernel.appcore.dll
0x00007ffffa610000 - 0x00007ffffa61a000 	D:\.jdks\corretto-17.0.7\bin\jimage.dll
0x00007ffff4e00000 - 0x00007ffff4fe4000 	C:\Windows\SYSTEM32\DBGHELP.DLL
0x00007ffff3ef0000 - 0x00007ffff3f24000 	C:\Windows\SYSTEM32\dbgcore.DLL
0x00007ff809f80000 - 0x00007ff80a002000 	C:\Windows\System32\bcryptPrimitives.dll
0x00007ff8046b0000 - 0x00007ff8046be000 	D:\.jdks\corretto-17.0.7\bin\instrument.dll
0x00007ffff71b0000 - 0x00007ffff71d5000 	D:\.jdks\corretto-17.0.7\bin\java.dll
0x00007fffd1070000 - 0x00007fffd1146000 	D:\.jdks\corretto-17.0.7\bin\jsvml.dll
0x00007ff80b020000 - 0x00007ff80b764000 	C:\Windows\System32\SHELL32.dll
0x00007ff807870000 - 0x00007ff808003000 	C:\Windows\SYSTEM32\windows.storage.dll
0x00007ff80a470000 - 0x00007ff80a7c4000 	C:\Windows\System32\combase.dll
0x00007ff809170000 - 0x00007ff80919e000 	C:\Windows\SYSTEM32\Wldp.dll
0x00007ff80a170000 - 0x00007ff80a21d000 	C:\Windows\System32\SHCORE.dll
0x00007ff80a3a0000 - 0x00007ff80a3f5000 	C:\Windows\System32\shlwapi.dll
0x00007ff809730000 - 0x00007ff80974f000 	C:\Windows\SYSTEM32\profapi.dll
0x00007ffff0710000 - 0x00007ffff0728000 	D:\.jdks\corretto-17.0.7\bin\zip.dll
0x00007ffff78b0000 - 0x00007ffff78c9000 	D:\.jdks\corretto-17.0.7\bin\net.dll
0x00007ffffef10000 - 0x00007fffff01a000 	C:\Windows\SYSTEM32\WINHTTP.dll
0x00007ff808f50000 - 0x00007ff808fba000 	C:\Windows\system32\mswsock.dll
0x00007ffff58c0000 - 0x00007ffff58d5000 	D:\.jdks\corretto-17.0.7\bin\nio.dll
0x00007ff801490000 - 0x00007ff8014aa000 	D:\IntelliJ IDEA Community Edition 2022.3.2\bin\breakgen64.dll
0x00007ff801a60000 - 0x00007ff801a69000 	D:\.jdks\corretto-17.0.7\bin\management.dll
0x00007ff801a50000 - 0x00007ff801a5b000 	D:\.jdks\corretto-17.0.7\bin\management_ext.dll
0x00007ff80a890000 - 0x00007ff80a898000 	C:\Windows\System32\PSAPI.DLL
0x00007ffff7fc0000 - 0x00007ffff7fd0000 	D:\.jdks\corretto-17.0.7\bin\verify.dll
0x00007ff8094f0000 - 0x00007ff809508000 	C:\Windows\SYSTEM32\CRYPTSP.dll
0x00007ff808820000 - 0x00007ff808854000 	C:\Windows\system32\rsaenh.dll
0x00007ff809eb0000 - 0x00007ff809ed7000 	C:\Windows\System32\bcrypt.dll
0x00007ff8096f0000 - 0x00007ff80971e000 	C:\Windows\SYSTEM32\USERENV.dll
0x00007ff8090e0000 - 0x00007ff8090ec000 	C:\Windows\SYSTEM32\CRYPTBASE.dll
0x00007ff808c10000 - 0x00007ff808c4c000 	C:\Windows\SYSTEM32\IPHLPAPI.DLL
0x00007ff80a970000 - 0x00007ff80a978000 	C:\Windows\System32\NSI.dll
0x00007ff801ea0000 - 0x00007ff801eb7000 	C:\Windows\SYSTEM32\dhcpcsvc6.DLL
0x00007ff801d90000 - 0x00007ff801dad000 	C:\Windows\SYSTEM32\dhcpcsvc.DLL
0x00007ff808c50000 - 0x00007ff808d1b000 	C:\Windows\SYSTEM32\DNSAPI.dll
0x00007ff8014b0000 - 0x00007ff8014be000 	D:\.jdks\corretto-17.0.7\bin\sunmscapi.dll
0x00007ff80a010000 - 0x00007ff80a16e000 	C:\Windows\System32\CRYPT32.dll
0x00007ff8091e0000 - 0x00007ff809208000 	C:\Windows\SYSTEM32\ncrypt.dll
0x00007ff8091a0000 - 0x00007ff8091db000 	C:\Windows\SYSTEM32\NTASN1.dll
0x00007ffff8d60000 - 0x00007ffff8d6a000 	C:\Windows\System32\rasadhlp.dll
0x00007ffff8330000 - 0x00007ffff83b2000 	C:\Windows\System32\fwpuclnt.dll
0x00007ffffa350000 - 0x00007ffffa357000 	C:\Windows\system32\wshunix.dll

dbghelp: loaded successfully - version: 4.0.5 - missing functions: none
symbol engine: initialized successfully - sym options: 0x614 - pdb path: .;D:\.jdks\corretto-17.0.7\bin;C:\Windows\SYSTEM32;C:\Windows\WinSxS\amd64_microsoft.windows.common-controls_6595b64144ccf1df_6.0.19041.1110_none_60b5254171f9507e;D:\.jdks\corretto-17.0.7\bin\server;D:\IntelliJ IDEA Community Edition 2022.3.2\bin

VM Arguments:
jvm_args: -javaagent:D:\IntelliJ IDEA Community Edition 2022.3.2\lib\idea_rt.jar=57418:D:\IntelliJ IDEA Community Edition 2022.3.2\bin -Dfile.encoding=UTF-8 
java_command: com.projet.backend.ProjetBackendApplication
java_class_path (initial): D:\PDL_project-dev2\PDL_Backend\target\classes;C:\Users\chino\.m2\repository\org\springframework\boot\spring-boot-starter-data-jpa\3.0.5\spring-boot-starter-data-jpa-3.0.5.jar;C:\Users\chino\.m2\repository\org\springframework\boot\spring-boot-starter-aop\3.0.5\spring-boot-starter-aop-3.0.5.jar;C:\Users\chino\.m2\repository\org\aspectj\aspectjweaver\1.9.19\aspectjweaver-1.9.19.jar;C:\Users\chino\.m2\repository\org\springframework\boot\spring-boot-starter-jdbc\3.0.5\spring-boot-starter-jdbc-3.0.5.jar;C:\Users\chino\.m2\repository\com\zaxxer\HikariCP\5.0.1\HikariCP-5.0.1.jar;C:\Users\chino\.m2\repository\org\springframework\spring-jdbc\6.0.7\spring-jdbc-6.0.7.jar;C:\Users\chino\.m2\repository\org\hibernate\orm\hibernate-core\6.1.7.Final\hibernate-core-6.1.7.Final.jar;C:\Users\chino\.m2\repository\jakarta\persistence\jakarta.persistence-api\3.1.0\jakarta.persistence-api-3.1.0.jar;C:\Users\chino\.m2\repository\jakarta\transaction\jakarta.transaction-api\2.0.1\jakarta.transaction-api-2.0.1.jar;C:\Users\chino\.m2\repository\org\jboss\logging\jboss-logging\3.5.0.Final\jboss-logging-3.5.0.Final.jar;C:\Users\chino\.m2\repository\org\hibernate\common\hibernate-commons-annotations\6.0.6.Final\hibernate-commons-annotations-6.0.6.Final.jar;C:\Users\chino\.m2\repository\org\jboss\jandex\2.4.2.Final\jandex-2.4.2.Final.jar;C:\Users\chino\.m2\repository\com\fasterxml\classmate\1.5.1\classmate-1.5.1.jar;C:\Users\chino\.m2\repository\net\bytebuddy\byte-buddy\1.12.23\byte-buddy-1.12.23.jar;C:\Users\chino\.m2\repository\org\glassfish\jaxb\jaxb-runtime\4.0.2\jaxb-runtime-4.0.2.jar;C:\Users\chino\.m2\repository\org\glassfish\jaxb\jaxb-core\4.0.2\jaxb-core-4.0.2.jar;C:\Users\chino\.m2\repository\org\eclipse\angus\angus-activation\2.0.0\angus-activation-2.0.0.jar;C:\Users\chino\.m2\repository\org\glassfish\jaxb\txw2\4.0.2\txw2-4.0.2.jar;C:\Users\chino\.m2\repository\com\sun\istack\istack-commons-runtime\4.1.1\istack-commons-runtime-4.1.1.jar;C:\Users\chino\.m2\re
Launcher Type: SUN_STANDARD

[Global flags]
     intx CICompilerCount                          = 3                                         {product} {ergonomic}
     uint ConcGCThreads                            = 1                                         {product} {ergonomic}
     uint G1ConcRefinementThreads                  = 4                                         {product} {ergonomic}
   size_t G1HeapRegionSize                         = 2097152                                   {product} {ergonomic}
    uintx GCDrainStackTargetSize                   = 64                                        {product} {ergonomic}
   size_t InitialHeapSize                          = 199229440                                 {product} {ergonomic}
   size_t MarkStackSize                            = 4194304                                   {product} {ergonomic}
   size_t MaxHeapSize                              = 3177185280                                {product} {ergonomic}
   size_t MaxNewSize                               = 1906311168                                {product} {ergonomic}
   size_t MinHeapDeltaBytes                        = 2097152                                   {product} {ergonomic}
   size_t MinHeapSize                              = 8388608                                   {product} {ergonomic}
    uintx NonNMethodCodeHeapSize                   = 5832780                                {pd product} {ergonomic}
    uintx NonProfiledCodeHeapSize                  = 122912730                              {pd product} {ergonomic}
    uintx ProfiledCodeHeapSize                     = 122912730                              {pd product} {ergonomic}
    uintx ReservedCodeCacheSize                    = 251658240                              {pd product} {ergonomic}
     bool SegmentedCodeCache                       = true                                      {product} {ergonomic}
   size_t SoftMaxHeapSize                          = 3177185280                             {manageable} {ergonomic}
     bool UseCompressedClassPointers               = true                           {product lp64_product} {ergonomic}
     bool UseCompressedOops                        = true                           {product lp64_product} {ergonomic}
     bool UseG1GC                                  = true                                      {product} {ergonomic}
     bool UseLargePagesIndividualAllocation        = false                                  {pd product} {ergonomic}

Logging:
Log output configuration:
 #0: stdout all=warning uptime,level,tags
 #1: stderr all=off uptime,level,tags

Environment Variables:
PATH=C:\Program Files\OpenJDK\jdk-11.0.18.10-hotspot\bin;C:\Python311\Scripts\;C:\Python311\;C:\Windows\system32;C:\Windows;C:\Windows\System32\Wbem;C:\Windows\System32\WindowsPowerShell\v1.0\;C:\Windows\System32\OpenSSH\;C:\Program Files\Common Files\Autodesk Shared\;C:\Program Files\Microsoft SQL Server\Client SDK\ODBC\170\Tools\Binn\;C:\Program Files (x86)\Microsoft SQL Server\160\Tools\Binn\;C:\Program Files\Microsoft SQL Server\160\Tools\Binn\;C:\Program Files\Microsoft SQL Server\160\DTS\Binn\;C:\ProgramData\chocolatey\bin;C:\Program Files\nodejs\;C:\Program Files\OpenSSL-Win64\bin;C:\Program Files\MongoDB\Server\6.0\bin;C:\Program Files\MongoDB\Tools\100\bin;D:\Git\cmd;C:\Program Files\MySQL\MySQL Shell 8.0\bin\;C:\Users\chino\AppData\Local\Microsoft\WindowsApps;C:\Program Files\Azure Data Studio\bin;C:\Users\chino\AppData\Roaming\npm;C:\Users\chino\AppData\Local\Programs\Microsoft VS Code\bin;D:\memoire_dhibnaouress\latex\latex2e;C:\Program Files\MongoDB\Server\6.0\bin;C:\mongosh-1.8.0;C:\Program Files\Git\bin;;D:\IntelliJ IDEA Community Edition 2022.3.2\bin;
USERNAME=Naouress Dhib
OS=Windows_NT
PROCESSOR_IDENTIFIER=Intel64 Family 6 Model 78 Stepping 3, GenuineIntel
TMP=C:\Users\chino\AppData\Local\Temp
TEMP=C:\Users\chino\AppData\Local\Temp



---------------  S Y S T E M  ---------------

OS:
 Windows 10 , 64 bit Build 19041 (10.0.19041.2913)
OS uptime: 1 days 8:15 hours
Hyper-V role detected

CPU: total 4 (initial active 4) (2 cores per cpu, 2 threads per core) family 6 model 78 stepping 3 microcode 0xcc, cx8, cmov, fxsr, ht, mmx, 3dnowpref, sse, sse2, sse3, ssse3, sse4.1, sse4.2, popcnt, lzcnt, tsc, tscinvbit, avx, avx2, aes, erms, clmul, bmi1, bmi2, adx, fma, vzeroupper, clflush, clflushopt, hv

Memory: 4k page, system-wide physical 12118M (2549M free)
TotalPageFile size 21334M (AvailPageFile size 9252M)
current process WorkingSet (physical memory assigned to process): 243M, peak: 284M
current process commit charge ("private bytes"): 278M, peak: 335M

vm_info: OpenJDK 64-Bit Server VM (17.0.7+7-LTS) for windows-amd64 JRE (17.0.7+7-LTS), built on Apr 14 2023 01:39:21 by "Administrator" with MS VC++ 15.9 (VS2017)

END.
